Log file open, 01/10/25 20:17:48
LogWindows: Failed to load 'aqProf.dll' (GetLastError=126)
LogWindows: File 'aqProf.dll' does not exist
LogWindows: Failed to load 'VtuneApi.dll' (GetLastError=126)
LogWindows: File 'VtuneApi.dll' does not exist
LogWindows: Failed to load 'VtuneApi32e.dll' (GetLastError=126)
LogWindows: File 'VtuneApi32e.dll' does not exist
LogConsoleResponse: Display: Failed to find resolution value strings in scalability ini. Falling back to default.
LogInit: Display: Running engine for game: LaberintoAR
LogPlatformFile: Not using cached read wrapper
LogTaskGraph: Started task graph with 5 named threads and 47 total threads with 3 sets of task threads.
LogStats: Stats thread started at 0.062741
LogD3D11RHI: Loaded GFSDK_Aftermath_Lib.x64.dll
LogICUInternationalization: ICU TimeZone Detection - Raw Offset: +1:00, Platform Override: ''
LogPluginManager: Mounting plugin Paper2D
LogPluginManager: Mounting plugin AISupport
LogPluginManager: Mounting plugin LightPropagationVolume
LogPluginManager: Mounting plugin ActorLayerUtilities
LogPluginManager: Mounting plugin AnimationSharing
LogPluginManager: Mounting plugin CLionSourceCodeAccess
LogPluginManager: Mounting plugin CodeLiteSourceCodeAccess
LogPluginManager: Mounting plugin GitSourceControl
LogPluginManager: Mounting plugin KDevelopSourceCodeAccess
LogPluginManager: Mounting plugin NullSourceCodeAccess
LogPluginManager: Mounting plugin PerforceSourceControl
LogPluginManager: Mounting plugin SubversionSourceControl
LogPluginManager: Mounting plugin UObjectPlugin
LogPluginManager: Mounting plugin VisualStudioCodeSourceCodeAccess
LogPluginManager: Mounting plugin VisualStudioSourceCodeAccess
LogPluginManager: Mounting plugin XCodeSourceCodeAccess
LogPluginManager: Mounting plugin AssetManagerEditor
LogPluginManager: Mounting plugin CryptoKeys
LogPluginManager: Mounting plugin CurveEditorTools
LogPluginManager: Mounting plugin DataValidation
LogPluginManager: Mounting plugin FacialAnimation
LogPluginManager: Mounting plugin GameplayTagsEditor
LogPluginManager: Mounting plugin MacGraphicsSwitching
LogPluginManager: Mounting plugin MaterialAnalyzer
LogPluginManager: Mounting plugin MobileLauncherProfileWizard
LogPluginManager: Mounting plugin PluginBrowser
LogPluginManager: Mounting plugin SpeedTreeImporter
LogPluginManager: Mounting plugin DatasmithContent
LogPluginManager: Mounting plugin VariantManagerContent
LogPluginManager: Mounting plugin AlembicImporter
LogPluginManager: Mounting plugin AutomationUtils
LogPluginManager: Mounting plugin BackChannel
LogPluginManager: Mounting plugin CharacterAI
LogPluginManager: Mounting plugin GeometryCache
LogPluginManager: Mounting plugin HTML5Networking
LogPluginManager: Mounting plugin PlatformCrypto
LogPluginManager: Mounting plugin ProxyLODPlugin
LogPluginManager: Mounting plugin SkeletalReduction
LogPluginManager: Mounting plugin MagicLeap
LogPluginManager: Mounting plugin MagicLeapMedia
LogPluginManager: Mounting plugin AndroidMedia
LogPluginManager: Mounting plugin AvfMedia
LogPluginManager: Mounting plugin ImgMedia
LogPluginManager: Mounting plugin MediaCompositing
LogPluginManager: Mounting plugin MediaPlayerEditor
LogPluginManager: Mounting plugin WebMMedia
LogPluginManager: Mounting plugin WmfMedia
LogPluginManager: Mounting plugin TcpMessaging
LogPluginManager: Mounting plugin UdpMessaging
LogPluginManager: Mounting plugin ActorSequence
LogPluginManager: Mounting plugin LevelSequenceEditor
LogPluginManager: Mounting plugin MatineeToLevelSequence
LogPluginManager: Mounting plugin NetcodeUnitTest
LogPluginManager: Mounting plugin NUTUnrealEngine4
LogPluginManager: Mounting plugin OnlineSubsystemGooglePlay
LogPluginManager: Mounting plugin OnlineSubsystemIOS
LogPluginManager: Mounting plugin OnlineSubsystem
LogPluginManager: Mounting plugin OnlineSubsystemNull
LogPluginManager: Mounting plugin OnlineSubsystemUtils
LogPluginManager: Mounting plugin LauncherChunkInstaller
LogPluginManager: Mounting plugin AndroidDeviceProfileSelector
LogPluginManager: Mounting plugin AndroidMoviePlayer
LogPluginManager: Mounting plugin AndroidPermission
LogPluginManager: Mounting plugin AppleImageUtils
LogPluginManager: Mounting plugin AppleMoviePlayer
LogPluginManager: Mounting plugin ArchVisCharacter
LogPluginManager: Mounting plugin AudioCapture
LogPluginManager: Mounting plugin CableComponent
LogPluginManager: Mounting plugin CustomMeshComponent
LogPluginManager: Mounting plugin EditableMesh
LogPluginManager: Mounting plugin ExampleDeviceProfileSelector
LogPluginManager: Mounting plugin GoogleCloudMessaging
LogPluginManager: Mounting plugin IOSDeviceProfileSelector
LogPluginManager: Mounting plugin LinuxDeviceProfileSelector
LogPluginManager: Mounting plugin LocationServicesBPLibrary
LogPluginManager: Mounting plugin MobilePatchingUtils
LogPluginManager: Mounting plugin OculusVR
LogPluginManager: Mounting plugin PhysXVehicles
LogPluginManager: Mounting plugin ProceduralMeshComponent
LogPluginManager: Mounting plugin RuntimePhysXCooking
LogPluginManager: Mounting plugin SignificanceManager
LogPluginManager: Mounting plugin SteamVR
LogPluginManager: Mounting plugin WebMMoviePlayer
LogPluginManager: Mounting plugin WindowsMoviePlayer
LogPluginManager: Mounting plugin ScreenshotTools
LogInit: Using libcurl 7.55.1-DEV
LogInit:  - built for x86_64-pc-win32
LogInit:  - supports SSL with OpenSSL/1.1.1
LogInit:  - supports HTTP deflate (compression) using libz 1.2.8
LogInit:  - other features:
LogInit:      CURL_VERSION_SSL
LogInit:      CURL_VERSION_LIBZ
LogInit:      CURL_VERSION_IPV6
LogInit:      CURL_VERSION_ASYNCHDNS
LogInit:      CURL_VERSION_LARGEFILE
LogInit:      CURL_VERSION_IDN
LogInit:  CurlRequestOptions (configurable via config and command line):
LogInit:  - bVerifyPeer = true  - Libcurl will verify peer certificate
LogInit:  - bUseHttpProxy = false  - Libcurl will NOT use HTTP proxy
LogInit:  - bDontReuseConnections = false  - Libcurl will reuse connections
LogInit:  - MaxHostConnections = 16  - Libcurl will limit the number of connections to a host
LogInit:  - LocalHostAddr = Default
LogInit:  - BufferSize = 65536
LogOnline: OSS: Creating online subsystem instance for: NULL
LogInit: WinSock: version 1.1 (2.2), MaxSocks=32767, MaxUdp=65467
LogInit: Build: ++UE4+Release-4.23-CL-9631420
LogInit: Engine Version: 4.23.1-9631420+++UE4+Release-4.23
LogInit: Compatible Engine Version: 4.23.0-8386587+++UE4+Release-4.23
LogInit: Net CL: 8386587
LogInit: OS: Windows 10 (Release 2009) (), CPU: AMD Ryzen 7 4800H with Radeon Graphics         , GPU: AMD Radeon(TM) Graphics
LogInit: Compiled (64-bit): Oct 18 2019 02:07:44
LogInit: Compiled with Visual C++: 19.16.27030.01
LogInit: Build Configuration: Development
LogInit: Branch Name: ++UE4+Release-4.23
LogInit: Command Line: 
LogInit: Base Directory: C:/Program Files/Epic Games/UE_4.23/Engine/Binaries/Win64/
LogInit: Installed Engine Build: 1
LogDevObjectVersion: Number of dev versions registered: 23
LogDevObjectVersion:   Dev-Blueprints (B0D832E4-1F89-4F0D-ACCF-7EB736FD4AA2): 10
LogDevObjectVersion:   Dev-Build (E1C64328-A22C-4D53-A36C-8E866417BD8C): 0
LogDevObjectVersion:   Dev-Core (375EC13C-06E4-48FB-B500-84F0262A717E): 3
LogDevObjectVersion:   Dev-Editor (E4B068ED-F494-42E9-A231-DA0B2E46BB41): 34
LogDevObjectVersion:   Dev-Framework (CFFC743F-43B0-4480-9391-14DF171D2073): 35
LogDevObjectVersion:   Dev-Mobile (B02B49B5-BB20-44E9-A304-32B752E40360): 2
LogDevObjectVersion:   Dev-Networking (A4E4105C-59A1-49B5-A7C5-40C4547EDFEE): 0
LogDevObjectVersion:   Dev-Online (39C831C9-5AE6-47DC-9A44-9C173E1C8E7C): 0
LogDevObjectVersion:   Dev-Physics (78F01B33-EBEA-4F98-B9B4-84EACCB95AA2): 0
LogDevObjectVersion:   Dev-Platform (6631380F-2D4D-43E0-8009-CF276956A95A): 0
LogDevObjectVersion:   Dev-Rendering (12F88B9F-8875-4AFC-A67C-D90C383ABD29): 31
LogDevObjectVersion:   Dev-Sequencer (7B5AE74C-D270-4C10-A958-57980B212A5A): 11
LogDevObjectVersion:   Dev-VR (D7296918-1DD6-4BDD-9DE2-64A83CC13884): 2
LogDevObjectVersion:   Dev-LoadTimes (C2A15278-BFE7-4AFE-6C17-90FF531DF755): 1
LogDevObjectVersion:   Private-Geometry (6EACA3D4-40EC-4CC1-B786-8BED09428FC5): 3
LogDevObjectVersion:   Dev-AnimPhys (29E575DD-E0A3-4627-9D10-D276232CDCEA): 17
LogDevObjectVersion:   Dev-Anim (AF43A65D-7FD3-4947-9873-3E8ED9C1BB05): 2
LogDevObjectVersion:   Dev-ReflectionCapture (6B266CEC-1EC7-4B8F-A30B-E4D90942FC07): 1
LogDevObjectVersion:   Dev-Automation (0DF73D61-A23F-47EA-B727-89E90C41499A): 1
LogDevObjectVersion:   FortniteMain (601D1886-AC64-4F84-AA16-D3DE0DEAC7D6): 27
LogDevObjectVersion:   Dev-Enterprise (9DFFBCD6-494F-0158-E221-12823C92A888): 6
LogDevObjectVersion:   Dev-Niagara (F2AED0AC-9AFE-416F-8664-AA7FFA26D6FC): 1
LogDevObjectVersion:   Dev-Destruction (174F1F0B-B4C6-45A5-B13F-2EE8D0FB917D): 9
LogInit: Presizing for max 16777216 objects, including 0 objects not considered by GC, pre-allocating 0 bytes for permanent pool.
LogInit: Object subsystem initialized
LogConfig: Setting CVar [[con.DebugEarlyDefault:1]]
LogConfig: Setting CVar [[r.setres:1280x720]]
[2025.01.10-19.17.48:302][  0]LogConfig: Setting CVar [[r.VSync:0]]
[2025.01.10-19.17.48:302][  0]LogConfig: Setting CVar [[r.RHICmdBypass:0]]
[2025.01.10-19.17.48:302][  0]LogConfig: Applying CVar settings from Section [/Script/Engine.RendererSettings] File [C:/Users/Saiyan/Documents/Unreal Projects/Laberinto/LaberintoAR/Saved/Config/Windows/Engine.ini]
[2025.01.10-19.17.48:302][  0]LogConfig: Setting CVar [[r.GPUCrashDebugging:0]]
[2025.01.10-19.17.48:302][  0]LogConfig: Setting CVar [[r.DefaultFeature.AutoExposure.ExtendDefaultLuminanceRange:1]]
[2025.01.10-19.17.48:302][  0]LogConfig: Applying CVar settings from Section [/Script/Engine.RendererOverrideSettings] File [C:/Users/Saiyan/Documents/Unreal Projects/Laberinto/LaberintoAR/Saved/Config/Windows/Engine.ini]
[2025.01.10-19.17.48:302][  0]LogConfig: Applying CVar settings from Section [/Script/Engine.StreamingSettings] File [C:/Users/Saiyan/Documents/Unreal Projects/Laberinto/LaberintoAR/Saved/Config/Windows/Engine.ini]
[2025.01.10-19.17.48:302][  0]LogConfig: Setting CVar [[s.MinBulkDataSizeForAsyncLoading:131072]]
[2025.01.10-19.17.48:302][  0]LogConfig: Setting CVar [[s.AsyncLoadingThreadEnabled:0]]
[2025.01.10-19.17.48:302][  0]LogConfig: Setting CVar [[s.EventDrivenLoaderEnabled:1]]
[2025.01.10-19.17.48:302][  0]LogConfig: Setting CVar [[s.WarnIfTimeLimitExceeded:0]]
[2025.01.10-19.17.48:302][  0]LogConfig: Setting CVar [[s.TimeLimitExceededMultiplier:1.5]]
[2025.01.10-19.17.48:302][  0]LogConfig: Setting CVar [[s.TimeLimitExceededMinTime:0.005]]
[2025.01.10-19.17.48:302][  0]LogConfig: Setting CVar [[s.UseBackgroundLevelStreaming:1]]
[2025.01.10-19.17.48:302][  0]LogConfig: Setting CVar [[s.PriorityAsyncLoadingExtraTime:15.0]]
[2025.01.10-19.17.48:302][  0]LogConfig: Setting CVar [[s.LevelStreamingActorsUpdateTimeLimit:5.0]]
[2025.01.10-19.17.48:302][  0]LogConfig: Setting CVar [[s.PriorityLevelStreamingActorsUpdateExtraTime:5.0]]
[2025.01.10-19.17.48:302][  0]LogConfig: Setting CVar [[s.LevelStreamingComponentsRegistrationGranularity:10]]
[2025.01.10-19.17.48:302][  0]LogConfig: Setting CVar [[s.UnregisterComponentsTimeLimit:1.0]]
[2025.01.10-19.17.48:302][  0]LogConfig: Setting CVar [[s.LevelStreamingComponentsUnregistrationGranularity:5]]
[2025.01.10-19.17.48:302][  0]LogConfig: Applying CVar settings from Section [/Script/Engine.GarbageCollectionSettings] File [C:/Users/Saiyan/Documents/Unreal Projects/Laberinto/LaberintoAR/Saved/Config/Windows/Engine.ini]
[2025.01.10-19.17.48:302][  0]LogConfig: Setting CVar [[gc.MaxObjectsNotConsideredByGC:1]]
[2025.01.10-19.17.48:302][  0]LogConfig: Setting CVar [[gc.SizeOfPermanentObjectPool:0]]
[2025.01.10-19.17.48:302][  0]LogConfig: Setting CVar [[gc.FlushStreamingOnGC:0]]
[2025.01.10-19.17.48:302][  0]LogConfig: Setting CVar [[gc.NumRetriesBeforeForcingGC:10]]
[2025.01.10-19.17.48:302][  0]LogConfig: Setting CVar [[gc.AllowParallelGC:1]]
[2025.01.10-19.17.48:302][  0]LogConfig: Setting CVar [[gc.TimeBetweenPurgingPendingKillObjects:61.1]]
[2025.01.10-19.17.48:302][  0]LogConfig: Setting CVar [[gc.MaxObjectsInEditor:16777216]]
[2025.01.10-19.17.48:302][  0]LogConfig: Setting CVar [[gc.IncrementalBeginDestroyEnabled:1]]
[2025.01.10-19.17.48:302][  0]LogConfig: Setting CVar [[gc.CreateGCClusters:1]]
[2025.01.10-19.17.48:302][  0]LogConfig: Setting CVar [[gc.MinGCClusterSize:5]]
[2025.01.10-19.17.48:302][  0]LogConfig: Setting CVar [[gc.ActorClusteringEnabled:0]]
[2025.01.10-19.17.48:302][  0]LogConfig: Setting CVar [[gc.BlueprintClusteringEnabled:0]]
[2025.01.10-19.17.48:302][  0]LogConfig: Setting CVar [[gc.UseDisregardForGCOnDedicatedServers:0]]
[2025.01.10-19.17.48:302][  0]LogConfig: Applying CVar settings from Section [/Script/Engine.NetworkSettings] File [C:/Users/Saiyan/Documents/Unreal Projects/Laberinto/LaberintoAR/Saved/Config/Windows/Engine.ini]
[2025.01.10-19.17.48:302][  0]LogConfig: Applying CVar settings from Section [/Script/UnrealEd.CookerSettings] File [C:/Users/Saiyan/Documents/Unreal Projects/Laberinto/LaberintoAR/Saved/Config/Windows/Engine.ini]
[2025.01.10-19.17.48:305][  0]LogConfig: Applying CVar settings from Section [ViewDistanceQuality@3] File [C:/Users/Saiyan/Documents/Unreal Projects/Laberinto/LaberintoAR/Saved/Config/Windows/Scalability.ini]
[2025.01.10-19.17.48:305][  0]LogConfig: Setting CVar [[r.SkeletalMeshLODBias:0]]
[2025.01.10-19.17.48:305][  0]LogConfig: Setting CVar [[r.ViewDistanceScale:1.0]]
[2025.01.10-19.17.48:305][  0]LogConfig: Applying CVar settings from Section [AntiAliasingQuality@3] File [C:/Users/Saiyan/Documents/Unreal Projects/Laberinto/LaberintoAR/Saved/Config/Windows/Scalability.ini]
[2025.01.10-19.17.48:305][  0]LogConfig: Setting CVar [[r.PostProcessAAQuality:4]]
[2025.01.10-19.17.48:305][  0]LogConfig: Applying CVar settings from Section [ShadowQuality@3] File [C:/Users/Saiyan/Documents/Unreal Projects/Laberinto/LaberintoAR/Saved/Config/Windows/Scalability.ini]
[2025.01.10-19.17.48:305][  0]LogConfig: Setting CVar [[r.LightFunctionQuality:1]]
[2025.01.10-19.17.48:305][  0]LogConfig: Setting CVar [[r.ShadowQuality:5]]
[2025.01.10-19.17.48:305][  0]LogConfig: Setting CVar [[r.Shadow.CSM.MaxCascades:10]]
[2025.01.10-19.17.48:305][  0]LogConfig: Setting CVar [[r.Shadow.MaxResolution:2048]]
[2025.01.10-19.17.48:305][  0]LogConfig: Setting CVar [[r.Shadow.MaxCSMResolution:2048]]
[2025.01.10-19.17.48:305][  0]LogConfig: Setting CVar [[r.Shadow.RadiusThreshold:0.01]]
[2025.01.10-19.17.48:305][  0]LogConfig: Setting CVar [[r.Shadow.DistanceScale:1.0]]
[2025.01.10-19.17.48:305][  0]LogConfig: Setting CVar [[r.Shadow.CSM.TransitionScale:1.0]]
[2025.01.10-19.17.48:305][  0]LogConfig: Setting CVar [[r.Shadow.PreShadowResolutionFactor:1.0]]
[2025.01.10-19.17.48:305][  0]LogConfig: Setting CVar [[r.DistanceFieldShadowing:1]]
[2025.01.10-19.17.48:305][  0]LogConfig: Setting CVar [[r.DistanceFieldAO:1]]
[2025.01.10-19.17.48:305][  0]LogConfig: Setting CVar [[r.AOQuality:2]]
[2025.01.10-19.17.48:305][  0]LogConfig: Setting CVar [[r.VolumetricFog:1]]
[2025.01.10-19.17.48:305][  0]LogConfig: Setting CVar [[r.VolumetricFog.GridPixelSize:8]]
[2025.01.10-19.17.48:305][  0]LogConfig: Setting CVar [[r.VolumetricFog.GridSizeZ:128]]
[2025.01.10-19.17.48:305][  0]LogConfig: Setting CVar [[r.VolumetricFog.HistoryMissSupersampleCount:4]]
[2025.01.10-19.17.48:305][  0]LogConfig: Setting CVar [[r.LightMaxDrawDistanceScale:1]]
[2025.01.10-19.17.48:305][  0]LogConfig: Setting CVar [[r.CapsuleShadows:1]]
[2025.01.10-19.17.48:305][  0]LogConfig: Applying CVar settings from Section [PostProcessQuality@3] File [C:/Users/Saiyan/Documents/Unreal Projects/Laberinto/LaberintoAR/Saved/Config/Windows/Scalability.ini]
[2025.01.10-19.17.48:305][  0]LogConfig: Setting CVar [[r.MotionBlurQuality:4]]
[2025.01.10-19.17.48:305][  0]LogConfig: Setting CVar [[r.AmbientOcclusionMipLevelFactor:0.4]]
[2025.01.10-19.17.48:305][  0]LogConfig: Setting CVar [[r.AmbientOcclusionMaxQuality:100]]
[2025.01.10-19.17.48:305][  0]LogConfig: Setting CVar [[r.AmbientOcclusionLevels:-1]]
[2025.01.10-19.17.48:305][  0]LogConfig: Setting CVar [[r.AmbientOcclusionRadiusScale:1.0]]
[2025.01.10-19.17.48:305][  0]LogConfig: Setting CVar [[r.DepthOfFieldQuality:2]]
[2025.01.10-19.17.48:305][  0]LogConfig: Setting CVar [[r.RenderTargetPoolMin:400]]
[2025.01.10-19.17.48:305][  0]LogConfig: Setting CVar [[r.LensFlareQuality:2]]
[2025.01.10-19.17.48:305][  0]LogConfig: Setting CVar [[r.SceneColorFringeQuality:1]]
[2025.01.10-19.17.48:305][  0]LogConfig: Setting CVar [[r.EyeAdaptationQuality:2]]
[2025.01.10-19.17.48:305][  0]LogConfig: Setting CVar [[r.BloomQuality:5]]
[2025.01.10-19.17.48:305][  0]LogConfig: Setting CVar [[r.FastBlurThreshold:100]]
[2025.01.10-19.17.48:305][  0]LogConfig: Setting CVar [[r.Upscale.Quality:3]]
[2025.01.10-19.17.48:305][  0]LogConfig: Setting CVar [[r.Tonemapper.GrainQuantization:1]]
[2025.01.10-19.17.48:305][  0]LogConfig: Setting CVar [[r.LightShaftQuality:1]]
[2025.01.10-19.17.48:305][  0]LogConfig: Setting CVar [[r.Filter.SizeScale:1]]
[2025.01.10-19.17.48:305][  0]LogConfig: Setting CVar [[r.Tonemapper.Quality:5]]
[2025.01.10-19.17.48:305][  0]LogConfig: Setting CVar [[r.DOF.Gather.AccumulatorQuality:1        ; higher gathering accumulator quality]]
[2025.01.10-19.17.48:306][  0]LogConfig: Setting CVar [[r.DOF.Gather.PostfilterMethod:1          ; Median3x3 postfilering method]]
[2025.01.10-19.17.48:306][  0]LogConfig: Setting CVar [[r.DOF.Gather.EnableBokehSettings:0       ; no bokeh simulation when gathering]]
[2025.01.10-19.17.48:306][  0]LogConfig: Setting CVar [[r.DOF.Gather.RingCount:4                 ; medium number of samples when gathering]]
[2025.01.10-19.17.48:306][  0]LogConfig: Setting CVar [[r.DOF.Scatter.ForegroundCompositing:1    ; additive foreground scattering]]
[2025.01.10-19.17.48:306][  0]LogConfig: Setting CVar [[r.DOF.Scatter.BackgroundCompositing:2    ; additive background scattering]]
[2025.01.10-19.17.48:306][  0]LogConfig: Setting CVar [[r.DOF.Scatter.EnableBokehSettings:1      ; bokeh simulation when scattering]]
[2025.01.10-19.17.48:306][  0]LogConfig: Setting CVar [[r.DOF.Scatter.MaxSpriteRatio:0.1         ; only a maximum of 10% of scattered bokeh]]
[2025.01.10-19.17.48:306][  0]LogConfig: Setting CVar [[r.DOF.Recombine.Quality:1                ; cheap slight out of focus]]
[2025.01.10-19.17.48:306][  0]LogConfig: Setting CVar [[r.DOF.Recombine.EnableBokehSettings:0    ; no bokeh simulation on slight out of focus]]
[2025.01.10-19.17.48:306][  0]LogConfig: Setting CVar [[r.DOF.TemporalAAQuality:1                ; more stable temporal accumulation]]
[2025.01.10-19.17.48:306][  0]LogConfig: Setting CVar [[r.DOF.Kernel.MaxForegroundRadius:0.025]]
[2025.01.10-19.17.48:306][  0]LogConfig: Setting CVar [[r.DOF.Kernel.MaxBackgroundRadius:0.025]]
[2025.01.10-19.17.48:306][  0]LogConfig: Applying CVar settings from Section [TextureQuality@3] File [C:/Users/Saiyan/Documents/Unreal Projects/Laberinto/LaberintoAR/Saved/Config/Windows/Scalability.ini]
[2025.01.10-19.17.48:306][  0]LogConfig: Setting CVar [[r.Streaming.MipBias:0]]
[2025.01.10-19.17.48:306][  0]LogConfig: Setting CVar [[r.Streaming.AmortizeCPUToGPUCopy:0]]
[2025.01.10-19.17.48:306][  0]LogConfig: Setting CVar [[r.Streaming.MaxNumTexturesToStreamPerFrame:0]]
[2025.01.10-19.17.48:306][  0]LogConfig: Setting CVar [[r.Streaming.Boost:1]]
[2025.01.10-19.17.48:306][  0]LogConfig: Setting CVar [[r.MaxAnisotropy:8]]
[2025.01.10-19.17.48:306][  0]LogConfig: Setting CVar [[r.Streaming.LimitPoolSizeToVRAM:0]]
[2025.01.10-19.17.48:306][  0]LogConfig: Setting CVar [[r.Streaming.PoolSize:1000]]
[2025.01.10-19.17.48:306][  0]LogConfig: Setting CVar [[r.Streaming.MaxEffectiveScreenSize:0]]
[2025.01.10-19.17.48:306][  0]LogConfig: Applying CVar settings from Section [EffectsQuality@3] File [C:/Users/Saiyan/Documents/Unreal Projects/Laberinto/LaberintoAR/Saved/Config/Windows/Scalability.ini]
[2025.01.10-19.17.48:306][  0]LogConfig: Setting CVar [[r.TranslucencyLightingVolumeDim:64]]
[2025.01.10-19.17.48:306][  0]LogConfig: Setting CVar [[r.RefractionQuality:2]]
[2025.01.10-19.17.48:306][  0]LogConfig: Setting CVar [[r.SSR.Quality:3]]
[2025.01.10-19.17.48:306][  0]LogConfig: Setting CVar [[r.SceneColorFormat:4]]
[2025.01.10-19.17.48:306][  0]LogConfig: Setting CVar [[r.DetailMode:2]]
[2025.01.10-19.17.48:306][  0]LogConfig: Setting CVar [[r.TranslucencyVolumeBlur:1]]
[2025.01.10-19.17.48:306][  0]LogConfig: Setting CVar [[r.MaterialQualityLevel:1 ; High quality]]
[2025.01.10-19.17.48:306][  0]LogConfig: Setting CVar [[r.SSS.Scale:1]]
[2025.01.10-19.17.48:306][  0]LogConfig: Setting CVar [[r.SSS.SampleSet:2]]
[2025.01.10-19.17.48:306][  0]LogConfig: Setting CVar [[r.SSS.Quality:1]]
[2025.01.10-19.17.48:306][  0]LogConfig: Setting CVar [[r.SSS.HalfRes:1]]
[2025.01.10-19.17.48:306][  0]LogConfig: Setting CVar [[r.EmitterSpawnRateScale:1.0]]
[2025.01.10-19.17.48:306][  0]LogConfig: Setting CVar [[r.ParticleLightQuality:2]]
[2025.01.10-19.17.48:306][  0]LogConfig: Applying CVar settings from Section [FoliageQuality@3] File [C:/Users/Saiyan/Documents/Unreal Projects/Laberinto/LaberintoAR/Saved/Config/Windows/Scalability.ini]
[2025.01.10-19.17.48:306][  0]LogConfig: Setting CVar [[foliage.DensityScale:1.0]]
[2025.01.10-19.17.48:306][  0]LogConfig: Setting CVar [[grass.DensityScale:1.0]]
[2025.01.10-19.17.48:306][  0]LogInit: Selected Device Profile: [Windows]
[2025.01.10-19.17.48:306][  0]LogInit: Applying CVar settings loaded from the selected device profile: [Windows]
[2025.01.10-19.17.48:309][  0]LogHAL: Display: Platform has ~ 16 GB [16559575040 / 17179869184 / 16], which maps to Larger [LargestMinGB=32, LargerMinGB=12, DefaultMinGB=8, SmallerMinGB=6, SmallestMinGB=0)
[2025.01.10-19.17.48:309][  0]LogInit: Going up to parent DeviceProfile []
[2025.01.10-19.17.48:309][  0]LogConfig: Applying CVar settings from Section [ViewDistanceQuality@3] File [C:/Users/Saiyan/Documents/Unreal Projects/Laberinto/LaberintoAR/Saved/Config/Windows/Scalability.ini]
[2025.01.10-19.17.48:309][  0]LogConfig: Setting CVar [[r.SkeletalMeshLODBias:0]]
[2025.01.10-19.17.48:309][  0]LogConfig: Setting CVar [[r.ViewDistanceScale:1.0]]
[2025.01.10-19.17.48:309][  0]LogConfig: Applying CVar settings from Section [AntiAliasingQuality@3] File [C:/Users/Saiyan/Documents/Unreal Projects/Laberinto/LaberintoAR/Saved/Config/Windows/Scalability.ini]
[2025.01.10-19.17.48:309][  0]LogConfig: Setting CVar [[r.PostProcessAAQuality:4]]
[2025.01.10-19.17.48:309][  0]LogConfig: Applying CVar settings from Section [ShadowQuality@3] File [C:/Users/Saiyan/Documents/Unreal Projects/Laberinto/LaberintoAR/Saved/Config/Windows/Scalability.ini]
[2025.01.10-19.17.48:309][  0]LogConfig: Setting CVar [[r.LightFunctionQuality:1]]
[2025.01.10-19.17.48:309][  0]LogConfig: Setting CVar [[r.ShadowQuality:5]]
[2025.01.10-19.17.48:309][  0]LogConfig: Setting CVar [[r.Shadow.CSM.MaxCascades:10]]
[2025.01.10-19.17.48:309][  0]LogConfig: Setting CVar [[r.Shadow.MaxResolution:2048]]
[2025.01.10-19.17.48:309][  0]LogConfig: Setting CVar [[r.Shadow.MaxCSMResolution:2048]]
[2025.01.10-19.17.48:309][  0]LogConfig: Setting CVar [[r.Shadow.RadiusThreshold:0.01]]
[2025.01.10-19.17.48:309][  0]LogConfig: Setting CVar [[r.Shadow.DistanceScale:1.0]]
[2025.01.10-19.17.48:309][  0]LogConfig: Setting CVar [[r.Shadow.CSM.TransitionScale:1.0]]
[2025.01.10-19.17.48:309][  0]LogConfig: Setting CVar [[r.Shadow.PreShadowResolutionFactor:1.0]]
[2025.01.10-19.17.48:309][  0]LogConfig: Setting CVar [[r.DistanceFieldShadowing:1]]
[2025.01.10-19.17.48:309][  0]LogConfig: Setting CVar [[r.DistanceFieldAO:1]]
[2025.01.10-19.17.48:309][  0]LogConfig: Setting CVar [[r.AOQuality:2]]
[2025.01.10-19.17.48:309][  0]LogConfig: Setting CVar [[r.VolumetricFog:1]]
[2025.01.10-19.17.48:309][  0]LogConfig: Setting CVar [[r.VolumetricFog.GridPixelSize:8]]
[2025.01.10-19.17.48:309][  0]LogConfig: Setting CVar [[r.VolumetricFog.GridSizeZ:128]]
[2025.01.10-19.17.48:309][  0]LogConfig: Setting CVar [[r.VolumetricFog.HistoryMissSupersampleCount:4]]
[2025.01.10-19.17.48:309][  0]LogConfig: Setting CVar [[r.LightMaxDrawDistanceScale:1]]
[2025.01.10-19.17.48:309][  0]LogConfig: Setting CVar [[r.CapsuleShadows:1]]
[2025.01.10-19.17.48:309][  0]LogConfig: Applying CVar settings from Section [PostProcessQuality@3] File [C:/Users/Saiyan/Documents/Unreal Projects/Laberinto/LaberintoAR/Saved/Config/Windows/Scalability.ini]
[2025.01.10-19.17.48:309][  0]LogConfig: Setting CVar [[r.MotionBlurQuality:4]]
[2025.01.10-19.17.48:309][  0]LogConfig: Setting CVar [[r.AmbientOcclusionMipLevelFactor:0.4]]
[2025.01.10-19.17.48:309][  0]LogConfig: Setting CVar [[r.AmbientOcclusionMaxQuality:100]]
[2025.01.10-19.17.48:309][  0]LogConfig: Setting CVar [[r.AmbientOcclusionLevels:-1]]
[2025.01.10-19.17.48:309][  0]LogConfig: Setting CVar [[r.AmbientOcclusionRadiusScale:1.0]]
[2025.01.10-19.17.48:309][  0]LogConfig: Setting CVar [[r.DepthOfFieldQuality:2]]
[2025.01.10-19.17.48:309][  0]LogConfig: Setting CVar [[r.RenderTargetPoolMin:400]]
[2025.01.10-19.17.48:309][  0]LogConfig: Setting CVar [[r.LensFlareQuality:2]]
[2025.01.10-19.17.48:309][  0]LogConfig: Setting CVar [[r.SceneColorFringeQuality:1]]
[2025.01.10-19.17.48:309][  0]LogConfig: Setting CVar [[r.EyeAdaptationQuality:2]]
[2025.01.10-19.17.48:309][  0]LogConfig: Setting CVar [[r.BloomQuality:5]]
[2025.01.10-19.17.48:309][  0]LogConfig: Setting CVar [[r.FastBlurThreshold:100]]
[2025.01.10-19.17.48:309][  0]LogConfig: Setting CVar [[r.Upscale.Quality:3]]
[2025.01.10-19.17.48:309][  0]LogConfig: Setting CVar [[r.Tonemapper.GrainQuantization:1]]
[2025.01.10-19.17.48:309][  0]LogConfig: Setting CVar [[r.LightShaftQuality:1]]
[2025.01.10-19.17.48:309][  0]LogConfig: Setting CVar [[r.Filter.SizeScale:1]]
[2025.01.10-19.17.48:309][  0]LogConfig: Setting CVar [[r.Tonemapper.Quality:5]]
[2025.01.10-19.17.48:309][  0]LogConfig: Setting CVar [[r.DOF.Gather.AccumulatorQuality:1        ; higher gathering accumulator quality]]
[2025.01.10-19.17.48:309][  0]LogConfig: Setting CVar [[r.DOF.Gather.PostfilterMethod:1          ; Median3x3 postfilering method]]
[2025.01.10-19.17.48:309][  0]LogConfig: Setting CVar [[r.DOF.Gather.EnableBokehSettings:0       ; no bokeh simulation when gathering]]
[2025.01.10-19.17.48:309][  0]LogConfig: Setting CVar [[r.DOF.Gather.RingCount:4                 ; medium number of samples when gathering]]
[2025.01.10-19.17.48:309][  0]LogConfig: Setting CVar [[r.DOF.Scatter.ForegroundCompositing:1    ; additive foreground scattering]]
[2025.01.10-19.17.48:309][  0]LogConfig: Setting CVar [[r.DOF.Scatter.BackgroundCompositing:2    ; additive background scattering]]
[2025.01.10-19.17.48:309][  0]LogConfig: Setting CVar [[r.DOF.Scatter.EnableBokehSettings:1      ; bokeh simulation when scattering]]
[2025.01.10-19.17.48:309][  0]LogConfig: Setting CVar [[r.DOF.Scatter.MaxSpriteRatio:0.1         ; only a maximum of 10% of scattered bokeh]]
[2025.01.10-19.17.48:309][  0]LogConfig: Setting CVar [[r.DOF.Recombine.Quality:1                ; cheap slight out of focus]]
[2025.01.10-19.17.48:309][  0]LogConfig: Setting CVar [[r.DOF.Recombine.EnableBokehSettings:0    ; no bokeh simulation on slight out of focus]]
[2025.01.10-19.17.48:309][  0]LogConfig: Setting CVar [[r.DOF.TemporalAAQuality:1                ; more stable temporal accumulation]]
[2025.01.10-19.17.48:309][  0]LogConfig: Setting CVar [[r.DOF.Kernel.MaxForegroundRadius:0.025]]
[2025.01.10-19.17.48:309][  0]LogConfig: Setting CVar [[r.DOF.Kernel.MaxBackgroundRadius:0.025]]
[2025.01.10-19.17.48:309][  0]LogConfig: Applying CVar settings from Section [TextureQuality@3] File [C:/Users/Saiyan/Documents/Unreal Projects/Laberinto/LaberintoAR/Saved/Config/Windows/Scalability.ini]
[2025.01.10-19.17.48:309][  0]LogConfig: Setting CVar [[r.Streaming.MipBias:0]]
[2025.01.10-19.17.48:309][  0]LogConfig: Setting CVar [[r.Streaming.AmortizeCPUToGPUCopy:0]]
[2025.01.10-19.17.48:309][  0]LogConfig: Setting CVar [[r.Streaming.MaxNumTexturesToStreamPerFrame:0]]
[2025.01.10-19.17.48:309][  0]LogConfig: Setting CVar [[r.Streaming.Boost:1]]
[2025.01.10-19.17.48:309][  0]LogConfig: Setting CVar [[r.MaxAnisotropy:8]]
[2025.01.10-19.17.48:309][  0]LogConfig: Setting CVar [[r.Streaming.LimitPoolSizeToVRAM:0]]
[2025.01.10-19.17.48:309][  0]LogConfig: Setting CVar [[r.Streaming.PoolSize:1000]]
[2025.01.10-19.17.48:309][  0]LogConfig: Setting CVar [[r.Streaming.MaxEffectiveScreenSize:0]]
[2025.01.10-19.17.48:309][  0]LogConfig: Applying CVar settings from Section [EffectsQuality@3] File [C:/Users/Saiyan/Documents/Unreal Projects/Laberinto/LaberintoAR/Saved/Config/Windows/Scalability.ini]
[2025.01.10-19.17.48:309][  0]LogConfig: Setting CVar [[r.TranslucencyLightingVolumeDim:64]]
[2025.01.10-19.17.48:309][  0]LogConfig: Setting CVar [[r.RefractionQuality:2]]
[2025.01.10-19.17.48:309][  0]LogConfig: Setting CVar [[r.SSR.Quality:3]]
[2025.01.10-19.17.48:309][  0]LogConfig: Setting CVar [[r.SceneColorFormat:4]]
[2025.01.10-19.17.48:309][  0]LogConfig: Setting CVar [[r.DetailMode:2]]
[2025.01.10-19.17.48:309][  0]LogConfig: Setting CVar [[r.TranslucencyVolumeBlur:1]]
[2025.01.10-19.17.48:309][  0]LogConfig: Setting CVar [[r.MaterialQualityLevel:1 ; High quality]]
[2025.01.10-19.17.48:309][  0]LogConfig: Setting CVar [[r.SSS.Scale:1]]
[2025.01.10-19.17.48:309][  0]LogConfig: Setting CVar [[r.SSS.SampleSet:2]]
[2025.01.10-19.17.48:309][  0]LogConfig: Setting CVar [[r.SSS.Quality:1]]
[2025.01.10-19.17.48:309][  0]LogConfig: Setting CVar [[r.SSS.HalfRes:1]]
[2025.01.10-19.17.48:309][  0]LogConfig: Setting CVar [[r.EmitterSpawnRateScale:1.0]]
[2025.01.10-19.17.48:309][  0]LogConfig: Setting CVar [[r.ParticleLightQuality:2]]
[2025.01.10-19.17.48:309][  0]LogConfig: Applying CVar settings from Section [FoliageQuality@3] File [C:/Users/Saiyan/Documents/Unreal Projects/Laberinto/LaberintoAR/Saved/Config/Windows/Scalability.ini]
[2025.01.10-19.17.48:309][  0]LogConfig: Setting CVar [[foliage.DensityScale:1.0]]
[2025.01.10-19.17.48:309][  0]LogConfig: Setting CVar [[grass.DensityScale:1.0]]
[2025.01.10-19.17.48:309][  0]LogConfig: Applying CVar settings from Section [Startup] File [../../../Engine/Config/ConsoleVariables.ini]
[2025.01.10-19.17.48:310][  0]LogConfig: Setting CVar [[net.UseAdaptiveNetUpdateFrequency:0]]
[2025.01.10-19.17.48:310][  0]LogConfig: Setting CVar [[p.chaos.AllowCreatePhysxBodies:1]]
[2025.01.10-19.17.48:310][  0]LogConfig: Applying CVar settings from Section [ConsoleVariables] File [C:/Users/Saiyan/Documents/Unreal Projects/Laberinto/LaberintoAR/Saved/Config/Windows/Engine.ini]
[2025.01.10-19.17.48:310][  0]LogInit: Computer: DESKTOP-BCI4TBM
[2025.01.10-19.17.48:310][  0]LogInit: User: Saiyan
[2025.01.10-19.17.48:310][  0]LogInit: CPU Page size=4096, Cores=8
[2025.01.10-19.17.48:310][  0]LogInit: High frequency timer resolution =10.000000 MHz
[2025.01.10-19.17.48:310][  0]LogMemory: Memory total: Physical=15.4GB (16GB approx)
[2025.01.10-19.17.48:310][  0]LogMemory: Platform Memory Stats for Windows
[2025.01.10-19.17.48:310][  0]LogMemory: Process Physical Memory: 104.04 MB used, 104.04 MB peak
[2025.01.10-19.17.48:310][  0]LogMemory: Process Virtual Memory: 102.28 MB used, 102.28 MB peak
[2025.01.10-19.17.48:310][  0]LogMemory: Physical Memory: 8776.55 MB used,  7015.89 MB free, 15792.44 MB total
[2025.01.10-19.17.48:310][  0]LogMemory: Virtual Memory: 4705.77 MB used,  134213024.00 MB free, 134217728.00 MB total
[2025.01.10-19.17.48:312][  0]LogWindows: WindowsPlatformFeatures enabled
[2025.01.10-19.17.48:350][  0]LogInit: Overriding language with editor language configuration option (en).
[2025.01.10-19.17.48:350][  0]LogInit: Overriding locale with editor locale configuration option (en).
[2025.01.10-19.17.48:493][  0]LogInit: Setting process to per monitor DPI aware
[2025.01.10-19.17.48:528][  0]LogSlate: New Slate User Created.  User Index 0, Is Virtual User: 0
[2025.01.10-19.17.48:528][  0]LogSlate: Slate User Registered.  User Index 0, Is Virtual User: 0
[2025.01.10-19.17.48:659][  0]LogHMD: Failed to initialize OpenVR with code 110
[2025.01.10-19.17.48:659][  0]LogD3D11RHI: D3D11 adapters:
[2025.01.10-19.17.48:812][  0]LogD3D11RHI:    0. 'NVIDIA GeForce RTX 3050 Laptop GPU' (Feature Level 11_0)
[2025.01.10-19.17.48:812][  0]LogD3D11RHI:       3964/0/7896 MB DedicatedVideo/DedicatedSystem/SharedSystem, Outputs:2, VendorId:0x10de
[2025.01.10-19.17.48:843][  0]LogD3D11RHI:    1. 'AMD Radeon(TM) Graphics' (Feature Level 11_0)
[2025.01.10-19.17.48:843][  0]LogD3D11RHI:       495/0/7896 MB DedicatedVideo/DedicatedSystem/SharedSystem, Outputs:0, VendorId:0x1002
[2025.01.10-19.17.48:844][  0]LogD3D11RHI:    2. 'Microsoft Basic Render Driver' (Feature Level 11_0)
[2025.01.10-19.17.48:844][  0]LogD3D11RHI:       0/0/7896 MB DedicatedVideo/DedicatedSystem/SharedSystem, Outputs:0, VendorId:0x1414
[2025.01.10-19.17.48:844][  0]LogD3D11RHI: Chosen D3D11 Adapter: 0
[2025.01.10-19.17.48:851][  0]LogD3D11RHI: Creating new Direct3DDevice
[2025.01.10-19.17.48:851][  0]LogD3D11RHI:     GPU DeviceId: 0x25a2 (for the marketing name, search the web for "GPU Device Id")
[2025.01.10-19.17.48:851][  0]LogWindows: EnumDisplayDevices:
[2025.01.10-19.17.48:851][  0]LogWindows:    0. 'AMD Radeon(TM) Graphics' (P:0 D:1)
[2025.01.10-19.17.48:852][  0]LogWindows:    1. 'AMD Radeon(TM) Graphics' (P:1 D:1)
[2025.01.10-19.17.48:852][  0]LogWindows:    2. 'AMD Radeon(TM) Graphics' (P:0 D:0)
[2025.01.10-19.17.48:852][  0]LogWindows:    3. 'NVIDIA GeForce RTX 3050 Laptop GPU' (P:0 D:0)
[2025.01.10-19.17.48:852][  0]LogWindows:    4. 'NVIDIA GeForce RTX 3050 Laptop GPU' (P:0 D:0)
[2025.01.10-19.17.48:852][  0]LogWindows:    5. 'NVIDIA GeForce RTX 3050 Laptop GPU' (P:0 D:0)
[2025.01.10-19.17.48:853][  0]LogWindows:    6. 'NVIDIA GeForce RTX 3050 Laptop GPU' (P:0 D:0)
[2025.01.10-19.17.48:853][  0]LogWindows: DebugString: PrimaryIsNotTheChoosenAdapter PrimaryIsNotTheChoosenAdapter PrimaryIsNotTheChoosenAdapter FoundDriverCount:4 
[2025.01.10-19.17.48:853][  0]LogD3D11RHI:     Adapter Name: NVIDIA GeForce RTX 3050 Laptop GPU
[2025.01.10-19.17.48:853][  0]LogD3D11RHI:   Driver Version: 566.14 (internal:32.0.15.6614, unified:566.14)
[2025.01.10-19.17.48:853][  0]LogD3D11RHI:      Driver Date: 11-6-2024
[2025.01.10-19.17.48:853][  0]LogRHI: Texture pool is 2774 MB (70% of 3964 MB)
[2025.01.10-19.17.48:947][  0]LogD3D11RHI: Async texture creation enabled
[2025.01.10-19.17.48:960][  0]LogD3D11RHI: GPU Timing Frequency: 1000.000000 (Debug: 2 1)
[2025.01.10-19.17.49:186][  0]LogTemp: Display: Module 'AllDesktopTargetPlatform' loaded TargetPlatform 'AllDesktop'
[2025.01.10-19.17.49:195][  0]LogTemp: Display: Module 'MacClientTargetPlatform' loaded TargetPlatform 'MacClient'
[2025.01.10-19.17.49:203][  0]LogTemp: Display: Module 'MacNoEditorTargetPlatform' loaded TargetPlatform 'MacNoEditor'
[2025.01.10-19.17.49:211][  0]LogTemp: Display: Module 'MacServerTargetPlatform' loaded TargetPlatform 'MacServer'
[2025.01.10-19.17.49:219][  0]LogTemp: Display: Module 'MacTargetPlatform' loaded TargetPlatform 'Mac'
[2025.01.10-19.17.49:226][  0]LogTemp: Display: Module 'WindowsClientTargetPlatform' loaded TargetPlatform 'WindowsClient'
[2025.01.10-19.17.49:234][  0]LogTemp: Display: Module 'WindowsNoEditorTargetPlatform' loaded TargetPlatform 'WindowsNoEditor'
[2025.01.10-19.17.49:243][  0]LogTemp: Display: Module 'WindowsServerTargetPlatform' loaded TargetPlatform 'WindowsServer'
[2025.01.10-19.17.49:247][  0]LogTemp: Display: Module 'WindowsTargetPlatform' loaded TargetPlatform 'Windows'
[2025.01.10-19.17.49:274][  0]LogTemp: Display: Module 'AndroidTargetPlatform' loaded TargetPlatform 'Android'
[2025.01.10-19.17.49:274][  0]LogTemp: Display: Module 'AndroidTargetPlatform' loaded TargetPlatform 'Android_ASTC'
[2025.01.10-19.17.49:274][  0]LogTemp: Display: Module 'AndroidTargetPlatform' loaded TargetPlatform 'Android_ATC'
[2025.01.10-19.17.49:274][  0]LogTemp: Display: Module 'AndroidTargetPlatform' loaded TargetPlatform 'Android_DXT'
[2025.01.10-19.17.49:274][  0]LogTemp: Display: Module 'AndroidTargetPlatform' loaded TargetPlatform 'Android_ETC1'
[2025.01.10-19.17.49:274][  0]LogTemp: Display: Module 'AndroidTargetPlatform' loaded TargetPlatform 'Android_ETC1a'
[2025.01.10-19.17.49:274][  0]LogTemp: Display: Module 'AndroidTargetPlatform' loaded TargetPlatform 'Android_ETC2'
[2025.01.10-19.17.49:274][  0]LogTemp: Display: Module 'AndroidTargetPlatform' loaded TargetPlatform 'Android_PVRTC'
[2025.01.10-19.17.49:274][  0]LogTemp: Display: Module 'AndroidTargetPlatform' loaded TargetPlatform 'AndroidClient'
[2025.01.10-19.17.49:274][  0]LogTemp: Display: Module 'AndroidTargetPlatform' loaded TargetPlatform 'Android_ASTCClient'
[2025.01.10-19.17.49:274][  0]LogTemp: Display: Module 'AndroidTargetPlatform' loaded TargetPlatform 'Android_ATCClient'
[2025.01.10-19.17.49:274][  0]LogTemp: Display: Module 'AndroidTargetPlatform' loaded TargetPlatform 'Android_DXTClient'
[2025.01.10-19.17.49:274][  0]LogTemp: Display: Module 'AndroidTargetPlatform' loaded TargetPlatform 'Android_ETC1Client'
[2025.01.10-19.17.49:274][  0]LogTemp: Display: Module 'AndroidTargetPlatform' loaded TargetPlatform 'Android_ETC1aClient'
[2025.01.10-19.17.49:274][  0]LogTemp: Display: Module 'AndroidTargetPlatform' loaded TargetPlatform 'Android_ETC2Client'
[2025.01.10-19.17.49:274][  0]LogTemp: Display: Module 'AndroidTargetPlatform' loaded TargetPlatform 'Android_PVRTCClient'
[2025.01.10-19.17.49:274][  0]LogTemp: Display: Module 'AndroidTargetPlatform' loaded TargetPlatform 'Android_Multi'
[2025.01.10-19.17.49:274][  0]LogTemp: Display: Module 'AndroidTargetPlatform' loaded TargetPlatform 'Android_MultiClient'
[2025.01.10-19.17.49:276][  0]LogTemp: Display: Module 'HTML5TargetPlatform' loaded TargetPlatform 'HTML5'
[2025.01.10-19.17.49:291][  0]LogTemp: Display: Module 'IOSTargetPlatform' loaded TargetPlatform 'IOSClient'
[2025.01.10-19.17.49:291][  0]LogTemp: Display: Module 'IOSTargetPlatform' loaded TargetPlatform 'IOS'
[2025.01.10-19.17.49:303][  0]LogTemp: Display: Module 'TVOSTargetPlatform' loaded TargetPlatform 'TVOSClient'
[2025.01.10-19.17.49:303][  0]LogTemp: Display: Module 'TVOSTargetPlatform' loaded TargetPlatform 'TVOS'
[2025.01.10-19.17.49:309][  0]LogTemp: Display: Module 'LinuxClientTargetPlatform' loaded TargetPlatform 'LinuxClient'
[2025.01.10-19.17.49:315][  0]LogTemp: Display: Module 'LinuxNoEditorTargetPlatform' loaded TargetPlatform 'LinuxNoEditor'
[2025.01.10-19.17.49:321][  0]LogTemp: Display: Module 'LinuxServerTargetPlatform' loaded TargetPlatform 'LinuxServer'
[2025.01.10-19.17.49:327][  0]LogTemp: Display: Module 'LinuxTargetPlatform' loaded TargetPlatform 'Linux'
[2025.01.10-19.17.49:348][  0]LogTemp: Display: Module 'LuminTargetPlatform' loaded TargetPlatform 'Lumin'
[2025.01.10-19.17.49:348][  0]LogTemp: Display: Module 'LuminTargetPlatform' loaded TargetPlatform 'LuminClient'
[2025.01.10-19.17.49:348][  0]LogTargetPlatformManager: Display: Building Assets For Windows
[2025.01.10-19.17.49:356][  0]LogAudioDebug: Display: Lib vorbis DLL was dynamically loaded.
[2025.01.10-19.17.49:404][  0]LogShaderCompilers: Guid format shader working directory is -32 characters bigger than the processId version (../../../../../../Users/Saiyan/Documents/Unreal Projects/Laberinto/LaberintoAR/Intermediate/Shaders/WorkingDirectory/19376/).
[2025.01.10-19.17.49:404][  0]LogShaderCompilers: Cleaned the shader compiler working directory 'C:/Users/Saiyan/AppData/Local/Temp/UnrealShaderWorkingDir/347FDDC34CA314FA24A2EEB30DCB7507/'.
[2025.01.10-19.17.49:406][  0]LogXGEController: Cannot use XGE Controller as Incredibuild is not installed on this machine.
[2025.01.10-19.17.49:406][  0]LogShaderCompilers: Cannot use XGE Shader Compiler as Incredibuild is not installed on this machine.
[2025.01.10-19.17.49:407][  0]LogShaderCompilers: Display: Using Local Shader Compiler.
[2025.01.10-19.17.49:860][  0]LogDerivedDataCache: Display: Max Cache Size: 512 MB
[2025.01.10-19.17.49:898][  0]LogDerivedDataCache: Loaded boot cache 0.04s 73MB C:/Users/Saiyan/AppData/Local/UnrealEngine/4.23/DerivedDataCache/Boot.ddc.
[2025.01.10-19.17.49:898][  0]LogDerivedDataCache: Display: Loaded Boot cache: C:/Users/Saiyan/AppData/Local/UnrealEngine/4.23/DerivedDataCache/Boot.ddc
[2025.01.10-19.17.49:898][  0]LogDerivedDataCache: FDerivedDataBackendGraph:  Pak pak cache file ../../../../../../Users/Saiyan/Documents/Unreal Projects/Laberinto/LaberintoAR/DerivedDataCache/DDC.ddp not found, will not use a pak cache.
[2025.01.10-19.17.49:898][  0]LogDerivedDataCache: Unable to find inner node Pak for hierarchical cache Hierarchy.
[2025.01.10-19.17.49:898][  0]LogDerivedDataCache: FDerivedDataBackendGraph:  CompressedPak pak cache file ../../../../../../Users/Saiyan/Documents/Unreal Projects/Laberinto/LaberintoAR/DerivedDataCache/Compressed.ddp not found, will not use a pak cache.
[2025.01.10-19.17.49:898][  0]LogDerivedDataCache: Unable to find inner node CompressedPak for hierarchical cache Hierarchy.
[2025.01.10-19.17.49:908][  0]LogDerivedDataCache: Display: Pak cache opened for reading ../../../Engine/DerivedDataCache/Compressed.ddp.
[2025.01.10-19.17.49:908][  0]LogDerivedDataCache: FDerivedDataBackendGraph:  EnterprisePak pak cache file ../../../Enterprise/DerivedDataCache/Compressed.ddp not found, will not use a pak cache.
[2025.01.10-19.17.49:908][  0]LogDerivedDataCache: Unable to find inner node EnterprisePak for hierarchical cache Hierarchy.
[2025.01.10-19.17.49:909][  0]LogDerivedDataCache: Using Local data cache path C:/Users/Saiyan/AppData/Local/UnrealEngine/Common/DerivedDataCache: Writable
[2025.01.10-19.17.49:909][  0]LogDerivedDataCache: Shared data cache path not found in *engine.ini, will not use an Shared cache.
[2025.01.10-19.17.49:909][  0]LogDerivedDataCache: Unable to find inner node Shared for hierarchical cache Hierarchy.
[2025.01.10-19.17.49:926][  0]LogMaterial: Verifying Global Shaders for PCD3D_SM5
[2025.01.10-19.17.49:928][  0]LogSlate: Using FreeType 2.6.0
[2025.01.10-19.17.49:929][  0]LogSlate: SlateFontServices - WITH_FREETYPE: 1, WITH_HARFBUZZ: 1
[2025.01.10-19.17.49:983][  0]LogAssetRegistry: FAssetRegistry took 0.0021 seconds to start up
[2025.01.10-19.17.50:208][  0]LogInit: Selected Device Profile: [Windows]
[2025.01.10-19.17.50:327][  0]LogMeshReduction: Using QuadricMeshReduction for automatic static mesh reduction
[2025.01.10-19.17.50:327][  0]LogMeshReduction: Using SimplygonMeshReduction for automatic skeletal mesh reduction
[2025.01.10-19.17.50:327][  0]LogMeshReduction: Using ProxyLODMeshReduction for automatic mesh merging
[2025.01.10-19.17.50:327][  0]LogMeshReduction: No distributed automatic mesh merging module available
[2025.01.10-19.17.50:327][  0]LogMeshMerging: No distributed automatic mesh merging module available
[2025.01.10-19.17.50:338][  0]LogNetVersion: LaberintoAR 1.0.0, NetCL: 8386587, EngineNetVer: 11, GameNetVer: 0 (Checksum: 39523257)
[2025.01.10-19.17.50:665][  0]LogPackageLocalizationCache: Processed 12 localized package path(s) for 1 prioritized culture(s) in 0.037600 seconds
[2025.01.10-19.17.50:672][  0]LogUObjectArray: 43444 objects as part of root set at end of initial load.
[2025.01.10-19.17.50:672][  0]LogUObjectAllocator: 7548648 out of 0 bytes used by permanent object pool.
[2025.01.10-19.17.50:672][  0]LogUObjectArray: CloseDisregardForGC: 0/0 objects in disregard for GC pool
[2025.01.10-19.17.51:337][  0]LogTcpMessaging: Initializing TcpMessaging bridge
[2025.01.10-19.17.51:340][  0]LogUdpMessaging: Initializing bridge on interface 0.0.0.0:0 to multicast group 230.0.0.1:6666.
[2025.01.10-19.17.51:386][  0]SourceControl: Source control is disabled
[2025.01.10-19.17.51:386][  0]SourceControl: Source control is disabled
[2025.01.10-19.17.51:387][  0]SourceControl: Source control is disabled
[2025.01.10-19.17.51:388][  0]SourceControl: Source control is disabled
[2025.01.10-19.17.51:396][  0]LogVSAccessor: Display: Unable to create Visual Studio setup instance: 80040154
[2025.01.10-19.17.51:396][  0]LogVSAccessor: Display: Unable to create Visual Studio setup instance: 80040154
[2025.01.10-19.17.51:468][  0]LogAndroidPermission: UAndroidPermissionCallbackProxy::GetInstance
[2025.01.10-19.17.51:581][  0]LogOcInput: OculusInput pre-init called
[2025.01.10-19.17.51:587][  0]LogWindows: Failed to load 'OVRPlugin.dll' (GetLastError=126)
[2025.01.10-19.17.51:587][  0]LogWindows: File 'OVRPlugin.dll' does not exist
[2025.01.10-19.17.51:647][  0]LogEngine: Initializing Engine...
[2025.01.10-19.17.51:647][  0]LogHMD: Failed to initialize OpenVR with code 110
[2025.01.10-19.17.51:648][  0]LogStats: UGameplayTagsManager::InitializeManager -  0.000 s
[2025.01.10-19.17.51:814][  0]LogInit: Initializing FReadOnlyCVARCache
[2025.01.10-19.17.51:827][  0]LogAIModule: Creating AISystem for world Untitled
[2025.01.10-19.17.51:840][  0]LogInit: XAudio2 using 'Audífono de los auriculares con micrófono (CORSAIR VOID ELITE Wireless Gaming Headset)' : 6 channels at 48 kHz using 16 bits per sample (channel mask 0x3f)
[2025.01.10-19.17.51:873][  0]LogInit: FAudioDevice initialized.
[2025.01.10-19.17.51:873][  0]LogNetVersion: Set ProjectVersion to 1.0.0.0. Version Checksum will be recalculated on next use.
[2025.01.10-19.17.51:914][  0]LogDerivedDataCache: Saved boot cache 0.04s 73MB C:/Users/Saiyan/AppData/Local/UnrealEngine/4.23/DerivedDataCache/Boot.ddc.
[2025.01.10-19.17.51:918][  0]LogInit: Texture streaming: Enabled
[2025.01.10-19.17.51:937][  0]LogEngineSessionManager: EngineSessionManager initialized
[2025.01.10-19.17.51:937][  0]LogEditorSessionSummary: Verbose: Initializing EditorSessionSummaryWriter for editor session tracking
[2025.01.10-19.17.51:938][  0]LogEditorSessionSummary: EditorSessionSummaryWriter initialized
[2025.01.10-19.17.51:977][  0]LogInit: Transaction tracking system initialized
[2025.01.10-19.17.52:006][  0]BlueprintLog: New page: Editor Load
[2025.01.10-19.17.52:079][  0]LocalizationService: Localization service is disabled
[2025.01.10-19.17.52:145][  0]LogVSAccessor: Display: Unable to create Visual Studio setup instance: 80040154
[2025.01.10-19.17.52:145][  0]LogVSAccessor: Display: Unable to create Visual Studio setup instance: 80040154
[2025.01.10-19.17.52:276][  0]LogFileCache: Scanning file cache for directory 'C:/Users/Saiyan/Documents/Unreal Projects/Laberinto/LaberintoAR/Content/' took 0.00s
[2025.01.10-19.17.52:276][  0]LogCook: Display: Max memory allowance for cook 16384mb min free memory 0mb
[2025.01.10-19.17.52:276][  0]LogCook: Display: Mobile HDR setting 1
[2025.01.10-19.17.52:430][  0]SourceControl: Source control is disabled
[2025.01.10-19.17.52:430][  0]Cmd: MAP LOAD FILE="../../../../../../Users/Saiyan/Documents/Unreal Projects/Laberinto/LaberintoAR/Content/Maps/Maze1.umap" TEMPLATE=0 SHOWPROGRESS=1 FEATURELEVEL=3
[2025.01.10-19.17.52:431][  0]LightingResults: New page: Lighting Build
[2025.01.10-19.17.52:433][  0]LogWorld: UWorld::CleanupWorld for Untitled, bSessionEnded=true, bCleanupResources=true
[2025.01.10-19.17.52:433][  0]MapCheck: New page: Map Check
[2025.01.10-19.17.52:433][  0]LightingResults: New page: Lighting Build
[2025.01.10-19.17.52:458][  0]LogUObjectHash: Compacting FUObjectHashTables data took   1.49ms
[2025.01.10-19.17.52:517][  0]LogAIModule: Creating AISystem for world Maze1
[2025.01.10-19.17.52:521][  0]LogEditorServer: Finished looking for orphan Actors (0.000 secs)
[2025.01.10-19.17.52:544][  0]LogUObjectHash: Compacting FUObjectHashTables data took   1.74ms
[2025.01.10-19.17.52:544][  0]Cmd: MAP CHECKDEP NOCLEARLOG
[2025.01.10-19.17.52:544][  0]MapCheck: Map check complete: 0 Error(s), 0 Warning(s), took 0.17ms to complete.
[2025.01.10-19.17.52:544][  0]LogFileHelpers: Loading map 'Maze1' took 0.114
[2025.01.10-19.17.52:639][  0]LogSlate: Updating window title bar state: overlay mode, drag disabled, window buttons hidden, title bar hidden
[2025.01.10-19.17.52:644][  0]LogSlate: Updating window title bar state: overlay mode, drag disabled, window buttons hidden, title bar hidden
[2025.01.10-19.17.52:650][  0]LogSlate: Updating window title bar state: overlay mode, drag disabled, window buttons hidden, title bar hidden
[2025.01.10-19.17.52:656][  0]LogSlate: Updating window title bar state: overlay mode, drag disabled, window buttons hidden, title bar hidden
[2025.01.10-19.17.52:662][  0]LogCollectionManager: Loaded 0 collections in 0.001799 seconds
[2025.01.10-19.17.52:666][  0]LogFileCache: Scanning file cache for directory 'C:/Users/Saiyan/Documents/Unreal Projects/Laberinto/LaberintoAR/Saved/Collections/' took 0.00s
[2025.01.10-19.17.52:667][  0]LogFileCache: Scanning file cache for directory 'C:/Users/Saiyan/Documents/Unreal Projects/Laberinto/LaberintoAR/Content/Developers/Saiyan/Collections/' took 0.00s
[2025.01.10-19.17.52:667][  0]LogFileCache: Scanning file cache for directory 'C:/Users/Saiyan/Documents/Unreal Projects/Laberinto/LaberintoAR/Content/Collections/' took 0.00s
[2025.01.10-19.17.52:667][  0]LogCollectionManager: Rebuilt the GUID cache for 0 collections in 0.000001 seconds
[2025.01.10-19.17.52:674][  0]LogContentBrowser: Native class hierarchy populated in 0.0073 seconds. Added 2863 classes and 680 folders.
[2025.01.10-19.17.52:680][  0]LogContentBrowser: Native class hierarchy updated for 'WidgetCarousel' in 0.0002 seconds. Added 0 classes and 0 folders.
[2025.01.10-19.17.52:718][  0]LogContentBrowser: Native class hierarchy updated for 'AddContentDialog' in 0.0002 seconds. Added 0 classes and 0 folders.
[2025.01.10-19.17.52:723][  0]LogContentBrowser: Native class hierarchy updated for 'SceneOutliner' in 0.0003 seconds. Added 1 classes and 2 folders.
[2025.01.10-19.17.52:784][  0]LogSlate: Took 0.000202 seconds to synchronously load lazily loaded font '../../../Engine/Content/Slate/Fonts/Roboto-Regular.ttf' (155K)
[2025.01.10-19.17.52:785][  0]LogSlate: Took 0.000162 seconds to synchronously load lazily loaded font '../../../Engine/Content/Slate/Fonts/Roboto-Bold.ttf' (160K)
[2025.01.10-19.17.52:788][  0]LogSlate: Took 0.000206 seconds to synchronously load lazily loaded font '../../../Engine/Content/Editor/Slate/Fonts/FontAwesome.ttf' (139K)
[2025.01.10-19.17.52:837][  0]LogRenderer: Reallocating scene render targets to support 1096x684 Format 10 NumSamples 1 (Frame:1).
[2025.01.10-19.17.52:873][  0]LogSlate: Took 0.000159 seconds to synchronously load lazily loaded font '../../../Engine/Content/Slate/Fonts/Roboto-Light.ttf' (167K)
[2025.01.10-19.17.52:951][  0]LogContentBrowser: Native class hierarchy updated for 'HierarchicalLODOutliner' in 0.0003 seconds. Added 0 classes and 0 folders.
[2025.01.10-19.17.52:951][  0]LogLoad: (Engine Initialization) Total time: 5.55 seconds
[2025.01.10-19.17.52:951][  0]LogLoad: (Engine Initialization) Total Blueprint compile time: 0.00 seconds
[2025.01.10-19.17.52:997][  0]LogAssetRegistry: Asset discovery search completed in 3.0136 seconds
[2025.01.10-19.17.53:000][  0]LogCollectionManager: Rebuilt the object cache for 0 collections in 0.000003 seconds (found 0 objects)
[2025.01.10-19.17.53:000][  0]LogCollectionManager: Fixed up redirectors for 0 collections in 0.000056 seconds (updated 0 objects)
[2025.01.10-19.17.53:001][  0]LogContentStreaming: Texture pool size now 1000 MB
[2025.01.10-19.17.57:190][247]LogSlate: FSceneViewport::OnFocusLost() reason 0
[2025.01.10-19.17.59:180][366]LogSlate: Took 0.000168 seconds to synchronously load lazily loaded font '../../../Engine/Content/Slate/Fonts/Roboto-Light.ttf' (167K)
[2025.01.10-19.17.59:187][366]LogAssetEditorManager: Opening Asset editor for Blueprint /Game/MazeGameMode.MazeGameMode
[2025.01.10-19.17.59:375][366]LogContentBrowser: Native class hierarchy updated for 'BlueprintGraph' in 0.0005 seconds. Added 121 classes and 0 folders.
[2025.01.10-19.18.02:922][542]LogSlate: Window 'MazeGameMode' being destroyed
[2025.01.10-19.18.02:926][542]LogSlate: Window 'MazeGameMode' being destroyed
[2025.01.10-19.18.02:926][542]LogWorld: UWorld::CleanupWorld for World_0, bSessionEnded=true, bCleanupResources=true
[2025.01.10-19.18.06:302][741]LogUObjectHash: Compacting FUObjectHashTables data took   2.95ms
[2025.01.10-19.18.06:344][741]LogSlate: Window 'LaberintoAR - Unreal Editor' being destroyed
[2025.01.10-19.18.06:429][742]Cmd: QUIT_EDITOR
[2025.01.10-19.18.06:472][742]LogWindowsTextInputMethodSystem: Display: IME system now deactivated.
[2025.01.10-19.18.06:481][742]LogExit: Preparing to exit.
[2025.01.10-19.18.07:376][742]LogDemo: Cleaned up 0 splitscreen connections with owner deletion
[2025.01.10-19.18.07:381][742]LogWorld: UWorld::CleanupWorld for None, bSessionEnded=true, bCleanupResources=true
[2025.01.10-19.18.07:381][742]LogExit: Editor shut down
[2025.01.10-19.18.07:381][742]LogExit: Transaction tracking system shut down
[2025.01.10-19.18.07:626][742]LogExit: Object subsystem successfully closed.
[2025.01.10-19.18.07:660][742]LogShaderCompilers: Display: Shaders left to compile 0
[2025.01.10-19.18.07:677][742]LogModuleManager: Shutting down and abandoning module BlueprintGraph (670)
[2025.01.10-19.18.07:677][742]LogModuleManager: Shutting down and abandoning module HierarchicalLODOutliner (668)
[2025.01.10-19.18.07:677][742]LogModuleManager: Shutting down and abandoning module SceneOutliner (666)
[2025.01.10-19.18.07:677][742]LogModuleManager: Shutting down and abandoning module AddContentDialog (664)
[2025.01.10-19.18.07:678][742]LogModuleManager: Shutting down and abandoning module WidgetCarousel (663)
[2025.01.10-19.18.07:678][742]LogModuleManager: Shutting down and abandoning module EditorWidgets (660)
[2025.01.10-19.18.07:678][742]LogModuleManager: Shutting down and abandoning module CollectionManager (658)
[2025.01.10-19.18.07:678][742]LogModuleManager: Shutting down and abandoning module StatsViewer (656)
[2025.01.10-19.18.07:678][742]LogModuleManager: Shutting down and abandoning module VirtualTexturingEditor (654)
[2025.01.10-19.18.07:678][742]LogModuleManager: Shutting down and abandoning module FoliageEdit (652)
[2025.01.10-19.18.07:678][742]LogModuleManager: Shutting down and abandoning module LandscapeEditor (650)
[2025.01.10-19.18.07:678][742]LogModuleManager: Shutting down and abandoning module MeshPaintMode (648)
[2025.01.10-19.18.07:678][742]LogModuleManager: Shutting down and abandoning module SceneDepthPickerMode (646)
[2025.01.10-19.18.07:678][742]LogModuleManager: Shutting down and abandoning module ActorPickerMode (644)
[2025.01.10-19.18.07:678][742]LogModuleManager: Shutting down and abandoning module GeometryMode (642)
[2025.01.10-19.18.07:678][742]LogModuleManager: Shutting down and abandoning module TextureAlignMode (640)
[2025.01.10-19.18.07:678][742]LogModuleManager: Shutting down and abandoning module BspMode (638)
[2025.01.10-19.18.07:678][742]LogModuleManager: Shutting down and abandoning module PIEPreviewDeviceProfileSelector (636)
[2025.01.10-19.18.07:678][742]LogModuleManager: Shutting down and abandoning module SequenceRecorderSections (634)
[2025.01.10-19.18.07:678][742]LogModuleManager: Shutting down and abandoning module AutomationWorker (632)
[2025.01.10-19.18.07:678][742]LogModuleManager: Shutting down and abandoning module OculusMR (630)
[2025.01.10-19.18.07:678][742]LogModuleManager: Shutting down and abandoning module AudioCaptureEditor (628)
[2025.01.10-19.18.07:678][742]LogModuleManager: Shutting down and abandoning module MatineeToLevelSequence (626)
[2025.01.10-19.18.07:678][742]LogModuleManager: Shutting down and abandoning module LevelSequenceEditor (624)
[2025.01.10-19.18.07:678][742]LogModuleManager: Shutting down and abandoning module PlacementMode (623)
[2025.01.10-19.18.07:678][742]LogModuleManager: Shutting down and abandoning module MaterialEditor (622)
[2025.01.10-19.18.07:678][742]LogModuleManager: Shutting down and abandoning module ActorSequenceEditor (618)
[2025.01.10-19.18.07:678][742]LogModuleManager: Shutting down and abandoning module WmfMediaFactory (616)
[2025.01.10-19.18.07:678][742]LogModuleManager: Shutting down and abandoning module WmfMediaEditor (614)
[2025.01.10-19.18.07:678][742]LogModuleManager: Shutting down and abandoning module WebMMediaFactory (612)
[2025.01.10-19.18.07:678][742]LogModuleManager: Shutting down and abandoning module WebMMediaEditor (610)
[2025.01.10-19.18.07:678][742]LogModuleManager: Shutting down and abandoning module WebMMedia (608)
[2025.01.10-19.18.07:678][742]LogModuleManager: Shutting down and abandoning module MediaPlayerEditor (606)
[2025.01.10-19.18.07:678][742]LogModuleManager: Shutting down and abandoning module MediaCompositingEditor (604)
[2025.01.10-19.18.07:678][742]LogModuleManager: Shutting down and abandoning module SequenceRecorder (603)
[2025.01.10-19.18.07:678][742]LogModuleManager: Shutting down and abandoning module OpenExrWrapper (600)
[2025.01.10-19.18.07:678][742]LogModuleManager: Shutting down and abandoning module ImgMediaFactory (598)
[2025.01.10-19.18.07:678][742]LogModuleManager: Shutting down and abandoning module ImgMediaEditor (596)
[2025.01.10-19.18.07:678][742]LogModuleManager: Shutting down and abandoning module AvfMediaFactory (594)
[2025.01.10-19.18.07:678][742]LogModuleManager: Shutting down and abandoning module AvfMediaEditor (592)
[2025.01.10-19.18.07:678][742]LogModuleManager: Shutting down and abandoning module AndroidMediaFactory (590)
[2025.01.10-19.18.07:678][742]LogModuleManager: Shutting down and abandoning module AndroidMediaEditor (588)
[2025.01.10-19.18.07:678][742]LogModuleManager: Shutting down and abandoning module MagicLeapCameraPreviewFactory (586)
[2025.01.10-19.18.07:678][742]LogModuleManager: Shutting down and abandoning module MagicLeapMediaCodecFactory (584)
[2025.01.10-19.18.07:678][742]LogModuleManager: Shutting down and abandoning module MagicLeapMediaFactory (582)
[2025.01.10-19.18.07:679][742]LogModuleManager: Shutting down and abandoning module MagicLeapMediaEditor (580)
[2025.01.10-19.18.07:679][742]LogModuleManager: Shutting down and abandoning module CharacterAI (578)
[2025.01.10-19.18.07:679][742]LogModuleManager: Shutting down and abandoning module SmartSnapping (576)
[2025.01.10-19.18.07:679][742]LogModuleManager: Shutting down and abandoning module SessionServices (574)
[2025.01.10-19.18.07:679][742]LogModuleManager: Shutting down and abandoning module MeshPaint (572)
[2025.01.10-19.18.07:679][742]LogModuleManager: Shutting down and abandoning module ViewportSnapping (570)
[2025.01.10-19.18.07:679][742]LogModuleManager: Shutting down and abandoning module ViewportInteraction (568)
[2025.01.10-19.18.07:679][742]LogModuleManager: Shutting down and abandoning module ClothPainter (566)
[2025.01.10-19.18.07:679][742]LogModuleManager: Shutting down and abandoning module SkeletalMeshEditor (565)
[2025.01.10-19.18.07:679][742]LogModuleManager: Shutting down and abandoning module LogVisualizer (562)
[2025.01.10-19.18.07:679][742]LogModuleManager: Shutting down and abandoning module IntroTutorials (560)
[2025.01.10-19.18.07:679][742]LogModuleManager: Shutting down and abandoning module GameProjectGeneration (559)
[2025.01.10-19.18.07:679][742]LogModuleManager: Shutting down and abandoning module LuminPlatformEditor (556)
[2025.01.10-19.18.07:679][742]LogModuleManager: Shutting down and abandoning module IOSPlatformEditor (554)
[2025.01.10-19.18.07:679][742]LogModuleManager: Shutting down and abandoning module HTML5PlatformEditor (552)
[2025.01.10-19.18.07:679][742]LogModuleManager: Shutting down and abandoning module AndroidPlatformEditor (550)
[2025.01.10-19.18.07:679][742]LogModuleManager: Shutting down and abandoning module AndroidDeviceDetection (549)
[2025.01.10-19.18.08:123][742]LogModuleManager: Shutting down and abandoning module WindowsPlatformEditor (546)
[2025.01.10-19.18.08:123][742]LogModuleManager: Shutting down and abandoning module LuminRuntimeSettings (544)
[2025.01.10-19.18.08:123][742]LogModuleManager: Shutting down and abandoning module IOSRuntimeSettings (542)
[2025.01.10-19.18.08:123][742]LogModuleManager: Shutting down and abandoning module AndroidRuntimeSettings (540)
[2025.01.10-19.18.08:123][742]LogModuleManager: Shutting down and abandoning module TimeManagementEditor (538)
[2025.01.10-19.18.08:123][742]LogModuleManager: Shutting down and abandoning module InputBindingEditor (536)
[2025.01.10-19.18.08:124][742]LogModuleManager: Shutting down and abandoning module MergeActors (534)
[2025.01.10-19.18.08:124][742]LogModuleManager: Shutting down and abandoning module LocalizationDashboard (532)
[2025.01.10-19.18.08:124][742]LogModuleManager: Shutting down and abandoning module LocalizationService (531)
[2025.01.10-19.18.08:124][742]LogModuleManager: Shutting down and abandoning module HardwareTargeting (528)
[2025.01.10-19.18.08:124][742]LogModuleManager: Shutting down and abandoning module DeviceProfileEditor (526)
[2025.01.10-19.18.08:124][742]LogModuleManager: Shutting down and abandoning module UndoHistory (524)
[2025.01.10-19.18.08:124][742]LogModuleManager: Shutting down and abandoning module XmlParser (522)
[2025.01.10-19.18.08:124][742]LogModuleManager: Shutting down and abandoning module Blutility (520)
[2025.01.10-19.18.08:124][742]LogModuleManager: Shutting down and abandoning module ProjectSettingsViewer (518)
[2025.01.10-19.18.08:124][742]LogModuleManager: Shutting down and abandoning module ProjectTargetPlatformEditor (517)
[2025.01.10-19.18.08:124][742]LogModuleManager: Shutting down and abandoning module EditorSettingsViewer (514)
[2025.01.10-19.18.08:124][742]LogModuleManager: Shutting down and abandoning module SettingsEditor (512)
[2025.01.10-19.18.08:124][742]LogModuleManager: Shutting down and abandoning module ProjectLauncher (510)
[2025.01.10-19.18.08:124][742]LogModuleManager: Shutting down and abandoning module SessionFrontend (508)
[2025.01.10-19.18.08:124][742]LogModuleManager: Shutting down and abandoning module ProfilerClient (506)
[2025.01.10-19.18.08:124][742]LogModuleManager: Shutting down and abandoning module DeviceManager (504)
[2025.01.10-19.18.08:124][742]LogModuleManager: Shutting down and abandoning module TargetDeviceServices (503)
[2025.01.10-19.18.08:156][742]LogModuleManager: Shutting down and abandoning module AutomationController (500)
[2025.01.10-19.18.08:156][742]LogModuleManager: Shutting down and abandoning module AutomationWindow (498)
[2025.01.10-19.18.08:156][742]LogModuleManager: Shutting down and abandoning module Layers (496)
[2025.01.10-19.18.08:156][742]LogModuleManager: Shutting down and abandoning module ComponentVisualizers (494)
[2025.01.10-19.18.08:156][742]LogModuleManager: Shutting down and abandoning module DetailCustomizations (492)
[2025.01.10-19.18.08:156][742]LogModuleManager: Shutting down and abandoning module PackagesDialog (490)
[2025.01.10-19.18.08:156][742]LogModuleManager: Shutting down and abandoning module AnimationBlueprintEditor (488)
[2025.01.10-19.18.08:156][742]LogModuleManager: Shutting down and abandoning module Persona (486)
[2025.01.10-19.18.08:156][742]LogModuleManager: Shutting down and abandoning module AdvancedPreviewScene (485)
[2025.01.10-19.18.08:156][742]LogModuleManager: Shutting down and abandoning module AnimGraph (483)
[2025.01.10-19.18.08:156][742]LogModuleManager: Shutting down and abandoning module Kismet (480)
[2025.01.10-19.18.08:158][742]LogModuleManager: Shutting down and abandoning module KismetWidgets (479)
[2025.01.10-19.18.08:158][742]LogModuleManager: Shutting down and abandoning module GraphEditor (476)
[2025.01.10-19.18.08:158][742]LogModuleManager: Shutting down and abandoning module StructViewer (474)
[2025.01.10-19.18.08:158][742]LogModuleManager: Shutting down and abandoning module ClassViewer (472)
[2025.01.10-19.18.08:158][742]LogModuleManager: Shutting down and abandoning module Toolbox (470)
[2025.01.10-19.18.08:158][742]LogModuleManager: Shutting down and abandoning module ModuleUI (468)
[2025.01.10-19.18.08:158][742]LogModuleManager: Shutting down and abandoning module MovieSceneTools (466)
[2025.01.10-19.18.08:158][742]LogModuleManager: Shutting down and abandoning module OutputLog (464)
[2025.01.10-19.18.08:159][742]LogModuleManager: Shutting down and abandoning module GammaUI (462)
[2025.01.10-19.18.08:159][742]LogModuleManager: Shutting down and abandoning module Documentation (460)
[2025.01.10-19.18.08:159][742]LogModuleManager: Shutting down and abandoning module LiveCoding (458)
[2025.01.10-19.18.08:159][742]LogModuleManager: Shutting down and abandoning module LevelSequence (456)
[2025.01.10-19.18.08:159][742]LogModuleManager: Shutting down and abandoning module MovieSceneTracks (454)
[2025.01.10-19.18.08:159][742]LogModuleManager: Shutting down and abandoning module MovieScene (452)
[2025.01.10-19.18.08:159][742]LogModuleManager: Shutting down and abandoning module StreamingPauseRendering (450)
[2025.01.10-19.18.08:159][742]LogModuleManager: Shutting down and abandoning module LauncherPlatform (448)
[2025.01.10-19.18.08:159][742]LogModuleManager: Shutting down and abandoning module AnalyticsET (446)
[2025.01.10-19.18.08:159][742]LogModuleManager: Shutting down and abandoning module PortalServices (444)
[2025.01.10-19.18.08:159][742]LogModuleManager: Shutting down and abandoning module PortalRpc (442)
[2025.01.10-19.18.08:159][742]LogModuleManager: Shutting down and abandoning module MessagingRpc (440)
[2025.01.10-19.18.08:159][742]LogModuleManager: Shutting down and abandoning module AIModule (438)
[2025.01.10-19.18.08:159][742]LogModuleManager: Shutting down and abandoning module GameplayDebugger (437)
[2025.01.10-19.18.08:159][742]LogModuleManager: Shutting down and abandoning module AITestSuite (435)
[2025.01.10-19.18.08:159][742]LogModuleManager: Shutting down and abandoning module NavigationSystem (433)
[2025.01.10-19.18.08:159][742]LogModuleManager: Shutting down and abandoning module DesktopPlatform (430)
[2025.01.10-19.18.08:159][742]LogModuleManager: Shutting down and abandoning module ImageWriteQueue (428)
[2025.01.10-19.18.08:162][742]LogModuleManager: Shutting down and abandoning module ProfilerService (426)
[2025.01.10-19.18.08:378][742]LogModuleManager: Shutting down and abandoning module TaskGraph (424)
[2025.01.10-19.18.08:378][742]LogModuleManager: Shutting down and abandoning module ScreenshotTools (422)
[2025.01.10-19.18.08:378][742]LogModuleManager: Shutting down and abandoning module SteamVRController (420)
[2025.01.10-19.18.08:378][742]LogModuleManager: Shutting down and abandoning module ProceduralMeshComponentEditor (418)
[2025.01.10-19.18.08:378][742]LogModuleManager: Shutting down and abandoning module ProceduralMeshComponent (416)
[2025.01.10-19.18.08:379][742]LogModuleManager: Shutting down and abandoning module OculusEditor (414)
[2025.01.10-19.18.08:379][742]LogModuleManager: Shutting down and abandoning module OculusInput (412)
[2025.01.10-19.18.08:379][742]LogModuleManager: Shutting down and abandoning module MobilePatchingUtils (410)
[2025.01.10-19.18.08:379][742]LogModuleManager: Shutting down and abandoning module EditableMesh (408)
[2025.01.10-19.18.08:379][742]LogModuleManager: Shutting down and abandoning module CustomMeshComponent (406)
[2025.01.10-19.18.08:379][742]LogModuleManager: Shutting down and abandoning module CableComponent (404)
[2025.01.10-19.18.08:379][742]LogModuleManager: Shutting down and abandoning module AudioCapture (402)
[2025.01.10-19.18.08:379][742]LogModuleManager: Shutting down and abandoning module ArchVisCharacter (400)
[2025.01.10-19.18.08:379][742]LogModuleManager: Shutting down and abandoning module AppleImageUtilsBlueprintSupport (398)
[2025.01.10-19.18.08:379][742]LogModuleManager: Shutting down and abandoning module AppleImageUtils (396)
[2025.01.10-19.18.08:379][742]LogModuleManager: Shutting down and abandoning module AndroidPermission (394)
[2025.01.10-19.18.08:379][742]LogModuleManager: Shutting down and abandoning module NUTUnrealEngine4 (392)
[2025.01.10-19.18.08:379][742]LogModuleManager: Shutting down and abandoning module NetcodeUnitTest (390)
[2025.01.10-19.18.08:379][742]LogModuleManager: Shutting down and abandoning module MediaCompositing (388)
[2025.01.10-19.18.08:379][742]LogModuleManager: Shutting down and abandoning module ImgMedia (386)
[2025.01.10-19.18.08:379][742]LogModuleManager: Shutting down and abandoning module MagicLeapHelperVulkan (384)
[2025.01.10-19.18.08:379][742]LogModuleManager: Shutting down and abandoning module MagicLeapHelperOpenGL (382)
[2025.01.10-19.18.08:379][742]LogModuleManager: Shutting down and abandoning module MagicLeapAudio (380)
[2025.01.10-19.18.08:379][742]LogModuleManager: Shutting down and abandoning module HTML5Networking (378)
[2025.01.10-19.18.08:379][742]LogModuleManager: Shutting down and abandoning module GeometryCacheTracks (376)
[2025.01.10-19.18.08:379][742]LogModuleManager: Shutting down and abandoning module GeometryCacheSequencer (374)
[2025.01.10-19.18.08:379][742]LogModuleManager: Shutting down and abandoning module BackChannel (372)
[2025.01.10-19.18.08:379][742]LogModuleManager: Shutting down and abandoning module AutomationUtilsEditor (370)
[2025.01.10-19.18.08:379][742]LogModuleManager: Shutting down and abandoning module AutomationUtils (368)
[2025.01.10-19.18.08:379][742]LogModuleManager: Shutting down and abandoning module AlembicImporter (366)
[2025.01.10-19.18.08:379][742]LogModuleManager: Shutting down and abandoning module AlembicLibrary (365)
[2025.01.10-19.18.08:379][742]LogModuleManager: Shutting down and abandoning module GeometryCache (364)
[2025.01.10-19.18.08:379][742]LogModuleManager: Shutting down and abandoning module GeometryCacheEd (363)
[2025.01.10-19.18.08:379][742]LogModuleManager: Shutting down and abandoning module VariantManagerContent (358)
[2025.01.10-19.18.08:379][742]LogModuleManager: Shutting down and abandoning module DatasmithContentEditor (356)
[2025.01.10-19.18.08:379][742]LogModuleManager: Shutting down and abandoning module SpeedTreeImporter (354)
[2025.01.10-19.18.08:379][742]LogModuleManager: Shutting down and abandoning module PluginBrowser (352)
[2025.01.10-19.18.08:379][742]LogModuleManager: Shutting down and abandoning module MobileLauncherProfileWizard (350)
[2025.01.10-19.18.08:379][742]LogModuleManager: Shutting down and abandoning module MaterialAnalyzer (348)
[2025.01.10-19.18.08:379][742]LogModuleManager: Shutting down and abandoning module CurveEditorTools (346)
[2025.01.10-19.18.08:379][742]LogModuleManager: Shutting down and abandoning module CurveEditor (345)
[2025.01.10-19.18.08:379][742]LogModuleManager: Shutting down and abandoning module CryptoKeysOpenSSL (342)
[2025.01.10-19.18.08:379][742]LogModuleManager: Shutting down and abandoning module CryptoKeys (340)
[2025.01.10-19.18.08:379][742]LogModuleManager: Shutting down and abandoning module VisualStudioSourceCodeAccess (338)
[2025.01.10-19.18.08:379][742]LogModuleManager: Shutting down and abandoning module VisualStudioCodeSourceCodeAccess (336)
[2025.01.10-19.18.08:379][742]LogModuleManager: Shutting down and abandoning module UObjectPlugin (334)
[2025.01.10-19.18.08:379][742]LogModuleManager: Shutting down and abandoning module SubversionSourceControl (332)
[2025.01.10-19.18.08:379][742]LogModuleManager: Shutting down and abandoning module PerforceSourceControl (330)
[2025.01.10-19.18.08:379][742]LogModuleManager: Shutting down and abandoning module GitSourceControl (328)
[2025.01.10-19.18.08:379][742]LogModuleManager: Shutting down and abandoning module SourceControl (327)
[2025.01.10-19.18.08:379][742]LogModuleManager: Shutting down and abandoning module CLionSourceCodeAccess (324)
[2025.01.10-19.18.08:379][742]LogModuleManager: Shutting down and abandoning module AnimationSharingEd (322)
[2025.01.10-19.18.08:379][742]LogModuleManager: Shutting down and abandoning module ActorLayerUtilitiesEditor (320)
[2025.01.10-19.18.08:379][742]LogModuleManager: Shutting down and abandoning module ActorLayerUtilities (318)
[2025.01.10-19.18.08:379][742]LogModuleManager: Shutting down and abandoning module LightPropagationVolumeEditor (316)
[2025.01.10-19.18.08:379][742]LogModuleManager: Shutting down and abandoning module PaperTiledImporter (314)
[2025.01.10-19.18.08:379][742]LogModuleManager: Shutting down and abandoning module PaperSpriteSheetImporter (312)
[2025.01.10-19.18.08:379][742]LogModuleManager: Shutting down and abandoning module Paper2DEditor (310)
[2025.01.10-19.18.08:379][742]LogModuleManager: Shutting down and abandoning module SignificanceManager (308)
[2025.01.10-19.18.08:380][742]LogModuleManager: Shutting down and abandoning module RuntimePhysXCooking (306)
[2025.01.10-19.18.08:380][742]LogModuleManager: Shutting down and abandoning module PhysXVehiclesEditor (304)
[2025.01.10-19.18.08:380][742]LogModuleManager: Shutting down and abandoning module LocationServicesBPLibrary (300)
[2025.01.10-19.18.08:380][742]LogModuleManager: Shutting down and abandoning module ActorSequence (298)
[2025.01.10-19.18.08:380][742]LogModuleManager: Shutting down and abandoning module UdpMessaging (296)
[2025.01.10-19.18.08:481][742]LogModuleManager: Shutting down and abandoning module TcpMessaging (294)
[2025.01.10-19.18.08:582][742]LogModuleManager: Shutting down and abandoning module MagicLeapIdentity (292)
[2025.01.10-19.18.08:582][742]LogModuleManager: Shutting down and abandoning module MagicLeapSecureStorage (290)
[2025.01.10-19.18.08:582][742]LogModuleManager: Shutting down and abandoning module MagicLeapHandTracking (288)
[2025.01.10-19.18.08:582][742]LogModuleManager: Shutting down and abandoning module MagicLeapEyeTracker (286)
[2025.01.10-19.18.08:582][742]LogModuleManager: Shutting down and abandoning module MagicLeapController (284)
[2025.01.10-19.18.08:582][742]LogSlate: Slate User Destroyed.  User Index 0, Is Virtual User: 0
[2025.01.10-19.18.08:582][742]LogModuleManager: Shutting down and abandoning module MagicLeapAR (282)
[2025.01.10-19.18.08:582][742]LogModuleManager: Shutting down and abandoning module AugmentedReality (281)
[2025.01.10-19.18.08:582][742]LogModuleManager: Shutting down and abandoning module GameplayTagsEditor (278)
[2025.01.10-19.18.08:582][742]LogModuleManager: Shutting down and abandoning module FacialAnimationEditor (276)
[2025.01.10-19.18.08:582][742]LogModuleManager: Shutting down and abandoning module FacialAnimation (274)
[2025.01.10-19.18.08:582][742]LogModuleManager: Shutting down and abandoning module DataValidation (272)
[2025.01.10-19.18.08:582][742]LogModuleManager: Shutting down and abandoning module AssetManagerEditor (270)
[2025.01.10-19.18.08:582][742]LogModuleManager: Shutting down and abandoning module LevelEditor (269)
[2025.01.10-19.18.08:583][742]LogModuleManager: Shutting down and abandoning module PixelInspectorModule (268)
[2025.01.10-19.18.08:583][742]LogModuleManager: Shutting down and abandoning module CommonMenuExtensions (266)
[2025.01.10-19.18.08:583][742]LogModuleManager: Shutting down and abandoning module MainFrame (264)
[2025.01.10-19.18.08:583][742]LogModuleManager: Shutting down and abandoning module HotReload (263)
[2025.01.10-19.18.08:583][742]LogModuleManager: Shutting down and abandoning module ContentBrowser (259)
[2025.01.10-19.18.08:584][742]LogModuleManager: Shutting down and abandoning module TreeMap (257)
[2025.01.10-19.18.08:584][742]LogModuleManager: Shutting down and abandoning module AnimationSharing (254)
[2025.01.10-19.18.08:584][742]LogModuleManager: Shutting down and abandoning module LightPropagationVolumeRuntime (252)
[2025.01.10-19.18.08:584][742]LogModuleManager: Shutting down and abandoning module Paper2D (250)
[2025.01.10-19.18.08:584][742]LogModuleManager: Shutting down and abandoning module WindowsMoviePlayer (248)
[2025.01.10-19.18.08:586][742]LogModuleManager: Shutting down and abandoning module WebMMoviePlayer (246)
[2025.01.10-19.18.08:586][742]LogModuleManager: Shutting down and abandoning module NetworkReplayStreaming (244)
[2025.01.10-19.18.08:586][742]LogModuleManager: Shutting down and abandoning module PacketHandler (242)
[2025.01.10-19.18.08:586][742]LogModuleManager: Shutting down and abandoning module ClothingSystemEditor (240)
[2025.01.10-19.18.08:586][742]LogModuleManager: Shutting down and abandoning module ClothingSystemRuntime (238)
[2025.01.10-19.18.08:586][742]LogModuleManager: Shutting down and abandoning module MediaAssets (236)
[2025.01.10-19.18.08:586][742]LogModuleManager: Shutting down and abandoning module Overlay (234)
[2025.01.10-19.18.08:586][742]LogModuleManager: Shutting down and abandoning module OverlayEditor (233)
[2025.01.10-19.18.08:586][742]LogModuleManager: Shutting down and abandoning module VREditor (230)
[2025.01.10-19.18.08:586][742]LogModuleManager: Shutting down and abandoning module StringTableEditor (228)
[2025.01.10-19.18.08:586][742]LogModuleManager: Shutting down and abandoning module GameplayTasksEditor (226)
[2025.01.10-19.18.08:586][742]LogModuleManager: Shutting down and abandoning module BehaviorTreeEditor (224)
[2025.01.10-19.18.08:586][742]LogModuleManager: Shutting down and abandoning module FunctionalTesting (222)
[2025.01.10-19.18.08:586][742]LogModuleManager: Shutting down and abandoning module CollisionAnalyzer (220)
[2025.01.10-19.18.08:586][742]LogModuleManager: Shutting down and abandoning module WorkspaceMenuStructure (219)
[2025.01.10-19.18.08:586][742]LogModuleManager: Shutting down and abandoning module UMG (216)
[2025.01.10-19.18.08:586][742]LogModuleManager: Shutting down and abandoning module UMGEditor (215)
[2025.01.10-19.18.08:586][742]LogModuleManager: Shutting down and abandoning module Sequencer (214)
[2025.01.10-19.18.08:586][742]LogModuleManager: Shutting down and abandoning module MessageLog (211)
[2025.01.10-19.18.08:586][742]LogModuleManager: Shutting down and abandoning module SlateReflector (206)
[2025.01.10-19.18.08:586][742]LogModuleManager: Shutting down and abandoning module Slate (204)
[2025.01.10-19.18.08:586][742]LogModuleManager: Shutting down and abandoning module LandscapeEditorUtilities (202)
[2025.01.10-19.18.08:586][742]LogModuleManager: Shutting down and abandoning module EditorStyle (200)
[2025.01.10-19.18.08:587][742]LogModuleManager: Shutting down and abandoning module UnrealEd (198)
[2025.01.10-19.18.08:587][742]LogModuleManager: Shutting down and abandoning module MRMesh (196)
[2025.01.10-19.18.08:587][742]LogModuleManager: Shutting down and abandoning module SourceCodeAccess (194)
[2025.01.10-19.18.08:587][742]LogModuleManager: Shutting down and abandoning module HeadMountedDisplay (192)
[2025.01.10-19.18.08:587][742]LogModuleManager: Shutting down and abandoning module XAudio2 (190)
[2025.01.10-19.18.08:587][742]LogModuleManager: Shutting down and abandoning module Networking (188)
[2025.01.10-19.18.08:587][742]LogModuleManager: Shutting down and abandoning module Core (186)
[2025.01.10-19.18.08:587][742]LogModuleManager: Shutting down and abandoning module KismetCompiler (184)
[2025.01.10-19.18.08:587][742]LogModuleManager: Shutting down and abandoning module MeshUtilities (182)
[2025.01.10-19.18.08:587][742]LogModuleManager: Shutting down and abandoning module MeshMergeUtilities (181)
[2025.01.10-19.18.08:587][742]LogModuleManager: Shutting down and abandoning module MeshReductionInterface (180)
[2025.01.10-19.18.08:587][742]LogModuleManager: Shutting down and abandoning module SkeletalMeshReduction (179)
[2025.01.10-19.18.08:587][742]LogModuleManager: Shutting down and abandoning module ProxyLODMeshReduction (177)
[2025.01.10-19.18.08:587][742]LogModuleManager: Shutting down and abandoning module QuadricMeshReduction (175)
[2025.01.10-19.18.08:587][742]LogModuleManager: Shutting down and abandoning module MaterialBaking (171)
[2025.01.10-19.18.08:587][742]LogModuleManager: Shutting down and abandoning module NullInstallBundleManager (166)
[2025.01.10-19.18.08:587][742]LogModuleManager: Shutting down and abandoning module DerivedDataCache (164)
[2025.01.10-19.18.08:928][742]LogDerivedDataCache: Shutdown
[2025.01.10-19.18.08:928][742]LogModuleManager: Shutting down and abandoning module XGEController (162)
[2025.01.10-19.18.08:928][742]LogModuleManager: Shutting down and abandoning module TargetPlatform (160)
[2025.01.10-19.18.08:928][742]LogModuleManager: Shutting down and abandoning module VulkanShaderFormat (159)
[2025.01.10-19.18.08:928][742]LogModuleManager: Shutting down and abandoning module ShaderFormatVectorVM (157)
[2025.01.10-19.18.08:928][742]LogModuleManager: Shutting down and abandoning module ShaderFormatOpenGL (155)
[2025.01.10-19.18.08:928][742]LogModuleManager: Shutting down and abandoning module ShaderFormatD3D (153)
[2025.01.10-19.18.08:928][742]LogModuleManager: Shutting down and abandoning module MetalShaderFormat (151)
[2025.01.10-19.18.08:928][742]LogModuleManager: Shutting down and abandoning module TextureFormatUncompressed (149)
[2025.01.10-19.18.08:928][742]LogModuleManager: Shutting down and abandoning module TextureFormatPVR (147)
[2025.01.10-19.18.08:928][742]LogModuleManager: Shutting down and abandoning module TextureFormatDXT (145)
[2025.01.10-19.18.08:928][742]LogModuleManager: Shutting down and abandoning module TextureFormatIntelISPCTexComp (143)
[2025.01.10-19.18.08:928][742]LogModuleManager: Shutting down and abandoning module TextureFormatASTC (141)
[2025.01.10-19.18.08:928][742]LogModuleManager: Shutting down and abandoning module ImageWrapper (140)
[2025.01.10-19.18.08:928][742]LogModuleManager: Shutting down and abandoning module TextureFormatAndroid (137)
[2025.01.10-19.18.08:928][742]LogModuleManager: Shutting down and abandoning module AudioFormatOpus (135)
[2025.01.10-19.18.08:928][742]LogModuleManager: Shutting down and abandoning module AudioFormatOgg (133)
[2025.01.10-19.18.08:928][742]LogModuleManager: Shutting down and abandoning module AudioFormatADPCM (131)
[2025.01.10-19.18.08:928][742]LogModuleManager: Shutting down and abandoning module LuminTargetPlatform (129)
[2025.01.10-19.18.08:929][742]LogModuleManager: Shutting down and abandoning module LinuxTargetPlatform (127)
[2025.01.10-19.18.08:929][742]LogModuleManager: Shutting down and abandoning module LinuxServerTargetPlatform (125)
[2025.01.10-19.18.08:929][742]LogModuleManager: Shutting down and abandoning module LinuxNoEditorTargetPlatform (123)
[2025.01.10-19.18.08:929][742]LogModuleManager: Shutting down and abandoning module LinuxClientTargetPlatform (121)
[2025.01.10-19.18.08:929][742]LogModuleManager: Shutting down and abandoning module TVOSTargetPlatform (119)
[2025.01.10-19.18.08:929][742]LogModuleManager: Shutting down and abandoning module Messaging (117)
[2025.01.10-19.18.08:929][742]LogModuleManager: Shutting down and abandoning module IOSTargetPlatform (115)
[2025.01.10-19.18.08:930][742]LogModuleManager: Shutting down and abandoning module HTML5TargetPlatform (113)
[2025.01.10-19.18.08:930][742]LogModuleManager: Shutting down and abandoning module AndroidTargetPlatform (111)
[2025.01.10-19.18.08:934][742]LogModuleManager: Shutting down and abandoning module WindowsTargetPlatform (109)
[2025.01.10-19.18.08:934][742]LogModuleManager: Shutting down and abandoning module WindowsServerTargetPlatform (107)
[2025.01.10-19.18.08:934][742]LogModuleManager: Shutting down and abandoning module WindowsNoEditorTargetPlatform (105)
[2025.01.10-19.18.08:934][742]LogModuleManager: Shutting down and abandoning module WindowsClientTargetPlatform (103)
[2025.01.10-19.18.08:934][742]LogModuleManager: Shutting down and abandoning module MacTargetPlatform (101)
[2025.01.10-19.18.08:934][742]LogModuleManager: Shutting down and abandoning module MacServerTargetPlatform (99)
[2025.01.10-19.18.08:934][742]LogModuleManager: Shutting down and abandoning module MacNoEditorTargetPlatform (97)
[2025.01.10-19.18.08:934][742]LogModuleManager: Shutting down and abandoning module MacClientTargetPlatform (95)
[2025.01.10-19.18.08:934][742]LogModuleManager: Shutting down and abandoning module AllDesktopTargetPlatform (93)
[2025.01.10-19.18.08:934][742]LogModuleManager: Shutting down and abandoning module InputCore (90)
[2025.01.10-19.18.08:934][742]LogModuleManager: Shutting down and abandoning module Settings (88)
[2025.01.10-19.18.08:934][742]LogModuleManager: Shutting down and abandoning module DirectoryWatcher (86)
[2025.01.10-19.18.08:935][742]LogModuleManager: Shutting down and abandoning module PhysXCooking (84)
[2025.01.10-19.18.08:935][742]LogModuleManager: Shutting down and abandoning module WindowsPlatformFeatures (82)
[2025.01.10-19.18.08:935][742]LogModuleManager: Shutting down and abandoning module GameplayMediaEncoder (81)
[2025.01.10-19.18.08:935][742]LogModuleManager: Shutting down and abandoning module SteamVR (78)
[2025.01.10-19.18.08:935][742]LogHMD: Freeing OpenVRDLLHandle.
[2025.01.10-19.18.08:935][742]LogModuleManager: Shutting down and abandoning module OculusHMD (76)
[2025.01.10-19.18.08:935][742]LogModuleManager: Shutting down and abandoning module ExampleDeviceProfileSelector (74)
[2025.01.10-19.18.08:935][742]LogModuleManager: Shutting down and abandoning module LauncherChunkInstaller (72)
[2025.01.10-19.18.08:935][742]LogModuleManager: Shutting down and abandoning module OnlineBlueprintSupport (70)
[2025.01.10-19.18.08:935][742]LogModuleManager: Shutting down and abandoning module OnlineSubsystem (66)
[2025.01.10-19.18.08:936][742]LogModuleManager: Shutting down and abandoning module XMPP (61)
[2025.01.10-19.18.08:936][742]LogModuleManager: Shutting down and abandoning module WebSockets (60)
[2025.01.10-19.18.08:962][742]LogModuleManager: Shutting down and abandoning module HTTP (57)
[2025.01.10-19.18.08:962][742]LogHttp: Display: Http module shutting down, but needs to wait on 1 outstanding Http requests:
[2025.01.10-19.18.08:962][742]LogHttp: Display: 	verb=[POST] url=[https://datarouter.ol.epicgames.com/datarouter/api/v1/public/data?SessionID=%7B6F0D407E-4E16-B110-1C79-7C852BBFD0B9%7D&AppID=UEEditor.Rocket.Release&AppVersion=4.23.1-9631420%2B%2B%2BUE4%2BRelease-4.23&UserID=c66f4e5b458ffe32326ed9a4a67cc35e%7C6e139aff4bc34f56b8c169b8f14b266f%7C98f10ea1-c8d9-4d0e-bc34-0f65dd7b8717&AppEnvironment=datacollector-binary&UploadType=eteventstream] status=Processing
[2025.01.10-19.18.08:981][742]LogModuleManager: Shutting down and abandoning module SSL (56)
[2025.01.10-19.18.08:981][742]LogModuleManager: Shutting down and abandoning module WmfMedia (52)
[2025.01.10-19.18.08:983][742]LogModuleManager: Shutting down and abandoning module Media (51)
[2025.01.10-19.18.08:983][742]LogModuleManager: Shutting down and abandoning module MagicLeap (48)
[2025.01.10-19.18.08:983][742]LogModuleManager: Shutting down and abandoning module DatasmithContent (46)
[2025.01.10-19.18.08:984][742]LogModuleManager: Shutting down and abandoning module AISupportModule (44)
[2025.01.10-19.18.08:984][742]LogModuleManager: Shutting down and abandoning module PlatformCryptoOpenSSL (42)
[2025.01.10-19.18.08:984][742]LogModuleManager: Shutting down and abandoning module PlatformCrypto (40)
[2025.01.10-19.18.08:984][742]LogModuleManager: Shutting down and abandoning module AnimationModifiers (38)
[2025.01.10-19.18.08:984][742]LogModuleManager: Shutting down and abandoning module PropertyEditor (37)
[2025.01.10-19.18.08:984][742]LogModuleManager: Shutting down and abandoning module AudioEditor (34)
[2025.01.10-19.18.08:984][742]LogModuleManager: Shutting down and abandoning module TextureCompressor (32)
[2025.01.10-19.18.08:984][742]LogModuleManager: Shutting down and abandoning module RenderCore (30)
[2025.01.10-19.18.08:984][742]LogModuleManager: Shutting down and abandoning module Landscape (28)
[2025.01.10-19.18.08:984][742]LogModuleManager: Shutting down and abandoning module SlateRHIRenderer (26)
[2025.01.10-19.18.08:985][742]LogModuleManager: Shutting down and abandoning module OpenGLDrv (24)
[2025.01.10-19.18.08:985][742]LogModuleManager: Shutting down and abandoning module D3D11RHI (22)
[2025.01.10-19.18.08:985][742]LogModuleManager: Shutting down and abandoning module AnimGraphRuntime (20)
[2025.01.10-19.18.08:985][742]LogModuleManager: Shutting down and abandoning module Renderer (18)
[2025.01.10-19.18.08:985][742]LogModuleManager: Shutting down and abandoning module Engine (16)
[2025.01.10-19.18.08:985][742]LogModuleManager: Shutting down and abandoning module CoreUObject (14)
[2025.01.10-19.18.08:985][742]LogModuleManager: Shutting down and abandoning module NetworkFile (12)
[2025.01.10-19.18.08:985][742]LogModuleManager: Shutting down and abandoning module CookedIterativeFile (10)
[2025.01.10-19.18.08:985][742]LogModuleManager: Shutting down and abandoning module StreamingFile (8)
[2025.01.10-19.18.08:985][742]LogModuleManager: Shutting down and abandoning module SandboxFile (6)
[2025.01.10-19.18.08:985][742]LogModuleManager: Shutting down and abandoning module PakFile (4)
[2025.01.10-19.18.08:985][742]LogModuleManager: Shutting down and abandoning module RSA (3)
[2025.01.10-19.18.08:985][742]LogD3D11RHI: Shutdown
[2025.01.10-19.18.08:985][742]LogD3D11RHI: CleanupD3DDevice
[2025.01.10-19.18.08:985][742]LogRendererCore: FGlobalDynamicReadBuffer::Cleanup()
[2025.01.10-19.18.08:985][742]LogRendererCore: FGlobalDynamicReadBuffer::Cleanup()
[2025.01.10-19.18.08:985][742]LogRendererCore: FGlobalDynamicReadBuffer::Cleanup()
[2025.01.10-19.18.09:054][742]LogD3D11RHI: ~FD3D11DynamicRHI
[2025.01.10-19.18.09:067][742]LogExit: Exiting.
[2025.01.10-19.18.09:079][742]Log file closed, 01/10/25 20:18:09
